        -:    0:Source:C:/Users/Tudor/Desktop/Laboratoare/lab-910-tudorsuiu/Domain/Banknote/Banknote.cpp
        -:    0:Graph:C:\Users\Tudor\Desktop\Laboratoare\lab-910-tudorsuiu\cmake-build-debug-coverage\CMakeFiles\lab_910_tudorsuiu.dir\Domain\Banknote\Banknote.cpp.gcno
        -:    0:Data:C:\Users\Tudor\Desktop\Laboratoare\lab-910-tudorsuiu\cmake-build-debug-coverage\CMakeFiles\lab_910_tudorsuiu.dir\Domain\Banknote\Banknote.cpp.gcda
        -:    0:Runs:1
        -:    1://
        -:    2:// Created by Tudor on 4/30/2022.
        -:    3://
        -:    4:
        -:    5:#include <iostream>
        -:    6:#include <vector>
        -:    7:#include <sstream>
        -:    8:#include "Banknote.h"
        -:    9:
function _ZN8BanknoteC2Ev called 1 returned 100% blocks executed 100%
        1:   10:Banknote::Banknote() {
        1:   11:    this->index = 0;
        1:   12:    this->value = 0;
        1:   13:    this->noOccurrences = 0;
        1:   14:}
        -:   15:
function _ZN8BanknoteC2ENSt7__cxx1112basic_stringIcSt11char_traitsIcESaIcEEEc called 0 returned 0% blocks executed 0%
    #####:   16:Banknote::Banknote(std::string args, char sep) {
    #####:   17:    this->loadFromString(args, sep);
    %%%%%:   17-block  0
call    0 never executed
call    1 never executed
branch  2 never executed
branch  3 never executed
    %%%%%:   17-block  1
call    4 never executed
    $$$$$:   17-block  2
call    5 never executed
    #####:   18:}
        -:   19:
function _ZN8BanknoteC2Ejjj called 37 returned 100% blocks executed 100%
       37:   20:Banknote::Banknote(unsigned int index, unsigned int value, unsigned int noOccurrences) {
       37:   21:    this->index = index;
       37:   22:    this->value = value;
       37:   23:    this->noOccurrences = noOccurrences;
       37:   24:}
        -:   25:
function _ZN8BanknoteC2ERKS_ called 621 returned 100% blocks executed 100%
      621:   26:Banknote::Banknote(const Banknote &banknote) {
      621:   27:    this->index = banknote.index;
      621:   28:    this->value = banknote.value;
      621:   29:    this->noOccurrences = banknote.noOccurrences;
      621:   30:}
        -:   31:
function _ZN8BanknoteD2Ev called 659 returned 100% blocks executed 100%
      659:   32:Banknote::~Banknote() = default;
        -:   33:
function _ZN8Banknote8getIndexEv called 123 returned 100% blocks executed 100%
      123:   34:unsigned int Banknote::getIndex() {
      123:   35:    return this->index;
      123:   35-block  0
        -:   36:}
        -:   37:
function _ZN8Banknote8setIndexEj called 1 returned 100% blocks executed 100%
        1:   38:void Banknote::setIndex(unsigned int index) {
        1:   39:    this->index = index;
        1:   40:}
        -:   41:
function _ZN8Banknote8getValueEv called 68 returned 100% blocks executed 100%
       68:   42:unsigned int Banknote::getValue() {
       68:   43:    return this->value;
       68:   43-block  0
        -:   44:}
        -:   45:
function _ZN8Banknote8setValueEj called 1 returned 100% blocks executed 100%
        1:   46:void Banknote::setValue(unsigned int value) {
        1:   47:    this->value = value;
        1:   48:}
        -:   49:
function _ZN8Banknote16getNoOccurrencesEv called 35 returned 100% blocks executed 100%
       35:   50:unsigned int Banknote::getNoOccurrences() {
       35:   51:    return this->noOccurrences;
       35:   51-block  0
        -:   52:}
        -:   53:
function _ZN8Banknote16setNoOccurrencesEj called 1 returned 100% blocks executed 100%
        1:   54:void Banknote::setNoOccurrences(unsigned int noOccurrences) {
        1:   55:    this->noOccurrences = noOccurrences;
        1:   56:}
        -:   57:
function _ZN8Banknote17toStringDelimiterB5cxx11Ec called 0 returned 0% blocks executed 0%
    #####:   58:std::string Banknote::toStringDelimiter(char sep) {
    #####:   59:    return std::to_string(this->index) + sep + std::to_string(this->value) + sep + std::to_string(this->noOccurrences);
    %%%%%:   59-block  0
call    0 never executed
call    1 never executed
branch  2 never executed
branch  3 never executed
    %%%%%:   59-block  1
call    4 never executed
branch  5 never executed
branch  6 never executed
    %%%%%:   59-block  2
call    7 never executed
branch  8 never executed
branch  9 never executed
    %%%%%:   59-block  3
call   10 never executed
branch 11 never executed
branch 12 never executed
    %%%%%:   59-block  4
call   13 never executed
branch 14 never executed
branch 15 never executed
    %%%%%:   59-block  5
call   16 never executed
branch 17 never executed
branch 18 never executed
    %%%%%:   59-block  6
call   19 never executed
call   20 never executed
call   21 never executed
call   22 never executed
call   23 never executed
call   24 never executed
    %%%%%:   59-block  7
    $$$$$:   59-block  8
call   25 never executed
    $$$$$:   59-block  9
    $$$$$:   59-block 10
call   26 never executed
    $$$$$:   59-block 11
    $$$$$:   59-block 12
call   27 never executed
    $$$$$:   59-block 13
    $$$$$:   59-block 14
call   28 never executed
    $$$$$:   59-block 15
    $$$$$:   59-block 16
call   29 never executed
    $$$$$:   59-block 17
    $$$$$:   59-block 18
call   30 never executed
        -:   60:}
        -:   61:
function _ZN8Banknote14loadFromStringENSt7__cxx1112basic_stringIcSt11char_traitsIcESaIcEEEc called 0 returned 0% blocks executed 0%
    #####:   62:void Banknote::loadFromString(std::string args, char sep) {
    #####:   63:    std::vector<std::string> elements;
    %%%%%:   63-block  0
call    0 never executed
    #####:   64:    std::stringstream ss(args);
call    0 never executed
call    1 never executed
branch  2 never executed
branch  3 never executed
    #####:   65:    std::string object;
    %%%%%:   65-block  0
call    0 never executed
    #####:   66:    while (getline(ss, object, sep)) {
    %%%%%:   66-block  0
call    0 never executed
branch  1 never executed
branch  2 never executed
    %%%%%:   66-block  1
call    3 never executed
branch  4 never executed
branch  5 never executed
    %%%%%:   66-block  2
branch  6 never executed
branch  7 never executed
    #####:   67:        elements.push_back(object);
    %%%%%:   67-block  0
call    0 never executed
branch  1 never executed
branch  2 never executed
        -:   68:    }
    #####:   69:    if(elements.size() == 3) {
    %%%%%:   69-block  0
call    0 never executed
branch  1 never executed
branch  2 never executed
    #####:   70:        std::stringstream i(elements[0]);
    %%%%%:   70-block  0
call    0 never executed
call    1 never executed
call    2 never executed
branch  3 never executed
branch  4 never executed
    #####:   71:        i >> this->index;
    %%%%%:   71-block  0
call    0 never executed
branch  1 never executed
branch  2 never executed
    #####:   72:        std::stringstream v(elements[1]);
    %%%%%:   72-block  0
call    0 never executed
call    1 never executed
call    2 never executed
branch  3 never executed
branch  4 never executed
    #####:   73:        v >> this->value;
    %%%%%:   73-block  0
call    0 never executed
branch  1 never executed
branch  2 never executed
    #####:   74:        std::stringstream o(elements[2]);
    %%%%%:   74-block  0
call    0 never executed
call    1 never executed
call    2 never executed
branch  3 never executed
branch  4 never executed
    #####:   75:        o >> this->noOccurrences;
    %%%%%:   75-block  0
call    0 never executed
branch  1 never executed
branch  2 never executed
    #####:   76:    }
    %%%%%:   76-block  0
call    0 never executed
call    1 never executed
call    2 never executed
    $$$$$:   76-block  1
call    3 never executed
    $$$$$:   76-block  2
call    4 never executed
    $$$$$:   76-block  3
call    5 never executed
    #####:   77:}
    %%%%%:   77-block  0
call    0 never executed
call    1 never executed
call    2 never executed
    $$$$$:   77-block  1
call    3 never executed
    $$$$$:   77-block  2
call    4 never executed
    $$$$$:   77-block  3
call    5 never executed
        -:   78:
function _ZN8BanknoteaSERKS_ called 23 returned 100% blocks executed 100%
       23:   79:Banknote &Banknote::operator=(const Banknote &banknote) {
       23:   80:    this->index = banknote.index;
       23:   81:    this->value = banknote.value;
       23:   82:    this->noOccurrences = banknote.noOccurrences;
       23:   83:    return *this;
       23:   83-block  0
        -:   84:}
        -:   85:
function _ZrsRSiR8Banknote called 0 returned 0% blocks executed 0%
    #####:   86:std::istream &operator>>(std::istream &is, Banknote &banknote) {
        -:   87:    unsigned int index;
    #####:   88:    std::cout << "Enter banknote index:"; is >> index;
    %%%%%:   88-block  0
call    0 never executed
branch  1 never executed
branch  2 never executed
    %%%%%:   88-block  1
call    3 never executed
branch  4 never executed
branch  5 never executed
    #####:   89:    banknote.index = index;
        -:   90:
        -:   91:    unsigned int value;
    #####:   92:    std::cout << "Banknote value:"; is >> value;
    %%%%%:   92-block  0
call    0 never executed
branch  1 never executed
branch  2 never executed
    %%%%%:   92-block  1
call    3 never executed
branch  4 never executed
branch  5 never executed
    #####:   93:    banknote.value = value;
        -:   94:
        -:   95:    unsigned int noOccurrences;
    #####:   96:    std::cout << "Number of banknotes:"; is >> noOccurrences;
    %%%%%:   96-block  0
call    0 never executed
branch  1 never executed
branch  2 never executed
    %%%%%:   96-block  1
call    3 never executed
branch  4 never executed
branch  5 never executed
    #####:   97:    banknote.noOccurrences = noOccurrences;
        -:   98:
    #####:   99:    return is;
    %%%%%:   99-block  0
    %%%%%:   99-block  1
        -:  100:}
        -:  101:
function _ZNK8BanknoteeqERKS_ called 22 returned 100% blocks executed 86%
       22:  102:bool Banknote::operator==(const Banknote &banknote) const {
       44:  103:    return index == banknote.index &&
      44*:  104:           value == banknote.value &&
       22:  104-block  0
branch  0 taken 22 (fallthrough)
branch  1 taken 0
       22:  104-block  1
branch  2 taken 22 (fallthrough)
branch  3 taken 0
       22:  104-block  2
    %%%%%:  104-block  3
       44:  105:           noOccurrences == banknote.noOccurrences;
       22:  105-block  0
branch  0 taken 22 (fallthrough)
branch  1 taken 0
       22:  105-block  1
        -:  106:}
        -:  107:
function _ZNK8BanknoteneERKS_ called 0 returned 0% blocks executed 0%
    #####:  108:bool Banknote::operator!=(const Banknote &banknote) const {
    #####:  109:    return !(banknote == *this);
    %%%%%:  109-block  0
call    0 never executed
        -:  110:}
        -:  111:
function _ZlsRSoRK8Banknote called 0 returned 0% blocks executed 0%
    #####:  112:std::ostream &operator<<(std::ostream &os, const Banknote &banknote) {
    #####:  113:    std::cout << "Banknote index:" << banknote.index << '\n' << "Banknote value: " << banknote.value << '\n' << "Number of occurrences: " << banknote.noOccurrences << '\n';
    %%%%%:  113-block  0
call    0 never executed
call    1 never executed
call    2 never executed
call    3 never executed
call    4 never executed
call    5 never executed
call    6 never executed
call    7 never executed
call    8 never executed
    #####:  114:    return os;
        -:  115:}
