        -:    0:Source:C:/Users/Tudor/Desktop/Laboratoare/lab-910-tudorsuiu/Tests/Test.cpp
        -:    0:Graph:C:\Users\Tudor\Desktop\Laboratoare\lab-910-tudorsuiu\cmake-build-debug-coverage\CMakeFiles\lab_910_tudorsuiu.dir\Tests\Test.cpp.gcno
        -:    0:Data:C:\Users\Tudor\Desktop\Laboratoare\lab-910-tudorsuiu\cmake-build-debug-coverage\CMakeFiles\lab_910_tudorsuiu.dir\Tests\Test.cpp.gcda
        -:    0:Runs:1
        -:    1://
        -:    2:// Created by Tudor on 4/18/2022.
        -:    3://
        -:    4:
        -:    5:#include "Test.h"
        -:    6:#include "../Domain/Product/Product.h"
        -:    7:#include "../Repository/Repository.h"
        -:    8:#include "../Service/ProductService.h"
        -:    9:#include "../Domain/Banknote/Banknote.h"
        -:   10:#include "../Service/BanknoteService.h"
        -:   11:#include <cassert>
        -:   12:#include <iostream>
        -:   13:
function _ZN4Test13productDomainEv called 1 returned 100% blocks executed 56%
        1:   14:void Test::productDomain() {
        1:   15:    Product product;
        1:   15-block  0
call    0 returned 1
branch  1 taken 1 (fallthrough)
branch  2 taken 0 (throw)
       1*:   16:    assert(product.getIndex() == 0);
        1:   16-block  0
call    0 returned 1
branch  1 taken 1 (fallthrough)
branch  2 taken 0 (throw)
        1:   16-block  1
branch  3 taken 0 (fallthrough)
branch  4 taken 1
    %%%%%:   16-block  2
call    5 never executed
branch  6 never executed
branch  7 never executed
        1:   16-block  3
    %%%%%:   16-block  4
       1*:   17:    assert(product.getCode() == 0);
        1:   17-block  0
call    0 returned 1
branch  1 taken 1 (fallthrough)
branch  2 taken 0 (throw)
        1:   17-block  1
branch  3 taken 0 (fallthrough)
branch  4 taken 1
    %%%%%:   17-block  2
call    5 never executed
branch  6 never executed
branch  7 never executed
        1:   17-block  3
    %%%%%:   17-block  4
       1*:   18:    assert(product.getPrice() == 0);
        1:   18-block  0
call    0 returned 1
branch  1 taken 1 (fallthrough)
branch  2 taken 0 (throw)
        1:   18-block  1
branch  3 taken 0 (fallthrough)
branch  4 taken 1
    %%%%%:   18-block  2
call    5 never executed
branch  6 never executed
branch  7 never executed
        1:   18-block  3
    %%%%%:   18-block  4
        -:   19:
        1:   20:    product.setIndex(1);
        1:   20-block  0
call    0 returned 1
branch  1 taken 1 (fallthrough)
branch  2 taken 0 (throw)
        1:   21:    product.setCode(1);
        1:   21-block  0
call    0 returned 1
branch  1 taken 1 (fallthrough)
branch  2 taken 0 (throw)
        1:   22:    product.setName("corn");
        1:   22-block  0
call    0 returned 1
call    1 returned 1
branch  2 taken 1 (fallthrough)
branch  3 taken 0 (throw)
        1:   22-block  1
call    4 returned 1
branch  5 taken 1 (fallthrough)
branch  6 taken 0 (throw)
        1:   22-block  2
call    7 returned 1
call    8 returned 1
    $$$$$:   22-block  3
call    9 never executed
    $$$$$:   22-block  4
    $$$$$:   22-block  5
call   10 never executed
    $$$$$:   22-block  6
        1:   23:    product.setPrice(5);
call    0 returned 1
branch  1 taken 1 (fallthrough)
branch  2 taken 0 (throw)
       1*:   24:    assert(product.getIndex() == 1);
        1:   24-block  0
call    0 returned 1
branch  1 taken 1 (fallthrough)
branch  2 taken 0 (throw)
        1:   24-block  1
branch  3 taken 0 (fallthrough)
branch  4 taken 1
    %%%%%:   24-block  2
call    5 never executed
branch  6 never executed
branch  7 never executed
        1:   24-block  3
    %%%%%:   24-block  4
       1*:   25:    assert(product.getCode() == 1);
        1:   25-block  0
call    0 returned 1
branch  1 taken 1 (fallthrough)
branch  2 taken 0 (throw)
        1:   25-block  1
branch  3 taken 0 (fallthrough)
branch  4 taken 1
    %%%%%:   25-block  2
call    5 never executed
branch  6 never executed
branch  7 never executed
        1:   25-block  3
    %%%%%:   25-block  4
       1*:   26:    assert(product.getName() == "corn");
        1:   26-block  0
call    0 returned 1
branch  1 taken 1 (fallthrough)
branch  2 taken 0 (throw)
        1:   26-block  1
call    3 returned 1
branch  4 taken 0 (fallthrough)
branch  5 taken 1
    %%%%%:   26-block  2
call    6 never executed
branch  7 never executed
branch  8 never executed
        1:   26-block  3
    %%%%%:   26-block  4
        1:   26-block  5
branch  9 taken 1 (fallthrough)
branch 10 taken 0
        1:   26-block  6
call   11 returned 1
    $$$$$:   26-block  7
branch 12 never executed
branch 13 never executed
    $$$$$:   26-block  8
call   14 never executed
    $$$$$:   26-block  9
       1*:   27:    assert(product.getPrice() == 5);
        1:   27-block  0
call    0 returned 1
branch  1 taken 1 (fallthrough)
branch  2 taken 0 (throw)
        1:   27-block  1
branch  3 taken 0 (fallthrough)
branch  4 taken 1
    %%%%%:   27-block  2
call    5 never executed
branch  6 never executed
branch  7 never executed
        1:   27-block  3
    %%%%%:   27-block  4
        -:   28:
        2:   29:    Product product1(2, 2, "corn", 6);
        1:   29-block  0
call    0 returned 1
call    1 returned 1
branch  2 taken 1 (fallthrough)
branch  3 taken 0 (throw)
        1:   29-block  1
call    4 returned 1
branch  5 taken 1 (fallthrough)
branch  6 taken 0 (throw)
call    7 returned 1
    $$$$$:   29-block  2
    $$$$$:   29-block  3
       1*:   30:    assert(product1.getIndex() == 2);
call    0 returned 1
branch  1 taken 1 (fallthrough)
branch  2 taken 0 (throw)
        1:   30-block  0
branch  3 taken 0 (fallthrough)
branch  4 taken 1
    %%%%%:   30-block  1
call    5 never executed
branch  6 never executed
branch  7 never executed
        1:   30-block  2
    %%%%%:   30-block  3
       1*:   31:    assert(product1.getCode() == 2);
        1:   31-block  0
call    0 returned 1
branch  1 taken 1 (fallthrough)
branch  2 taken 0 (throw)
        1:   31-block  1
branch  3 taken 0 (fallthrough)
branch  4 taken 1
    %%%%%:   31-block  2
call    5 never executed
branch  6 never executed
branch  7 never executed
        1:   31-block  3
    %%%%%:   31-block  4
       1*:   32:    assert(product1.getName() == "corn");
        1:   32-block  0
call    0 returned 1
branch  1 taken 1 (fallthrough)
branch  2 taken 0 (throw)
        1:   32-block  1
call    3 returned 1
branch  4 taken 0 (fallthrough)
branch  5 taken 1
    %%%%%:   32-block  2
call    6 never executed
branch  7 never executed
branch  8 never executed
        1:   32-block  3
    %%%%%:   32-block  4
        1:   32-block  5
branch  9 taken 1 (fallthrough)
branch 10 taken 0
        1:   32-block  6
call   11 returned 1
    $$$$$:   32-block  7
branch 12 never executed
branch 13 never executed
    $$$$$:   32-block  8
call   14 never executed
    $$$$$:   32-block  9
       1*:   33:    assert(product1.getPrice() == 6);
        1:   33-block  0
call    0 returned 1
branch  1 taken 1 (fallthrough)
branch  2 taken 0 (throw)
        1:   33-block  1
branch  3 taken 0 (fallthrough)
branch  4 taken 1
    %%%%%:   33-block  2
call    5 never executed
branch  6 never executed
branch  7 never executed
        1:   33-block  3
    %%%%%:   33-block  4
        -:   34:
       1*:   35:    assert(product == product1 == false);
        1:   35-block  0
call    0 returned 1
branch  1 taken 1 (fallthrough)
branch  2 taken 0 (throw)
        1:   35-block  1
branch  3 taken 0 (fallthrough)
branch  4 taken 1
    %%%%%:   35-block  2
call    5 never executed
branch  6 never executed
branch  7 never executed
        1:   35-block  3
    %%%%%:   35-block  4
        -:   36:
        1:   37:    product = product1;
        1:   37-block  0
call    0 returned 1
branch  1 taken 1 (fallthrough)
branch  2 taken 0 (throw)
       1*:   38:    assert(product.getIndex() == 2);
        1:   38-block  0
call    0 returned 1
branch  1 taken 1 (fallthrough)
branch  2 taken 0 (throw)
        1:   38-block  1
branch  3 taken 0 (fallthrough)
branch  4 taken 1
    %%%%%:   38-block  2
call    5 never executed
branch  6 never executed
branch  7 never executed
        1:   38-block  3
    %%%%%:   38-block  4
       1*:   39:    assert(product.getCode() == 2);
        1:   39-block  0
call    0 returned 1
branch  1 taken 1 (fallthrough)
branch  2 taken 0 (throw)
        1:   39-block  1
branch  3 taken 0 (fallthrough)
branch  4 taken 1
    %%%%%:   39-block  2
call    5 never executed
branch  6 never executed
branch  7 never executed
        1:   39-block  3
    %%%%%:   39-block  4
       1*:   40:    assert(product.getName() == "corn");
        1:   40-block  0
call    0 returned 1
branch  1 taken 1 (fallthrough)
branch  2 taken 0 (throw)
        1:   40-block  1
call    3 returned 1
branch  4 taken 0 (fallthrough)
branch  5 taken 1
    %%%%%:   40-block  2
call    6 never executed
branch  7 never executed
branch  8 never executed
        1:   40-block  3
    %%%%%:   40-block  4
        1:   40-block  5
branch  9 taken 1 (fallthrough)
branch 10 taken 0
        1:   40-block  6
call   11 returned 1
    $$$$$:   40-block  7
branch 12 never executed
branch 13 never executed
    $$$$$:   40-block  8
call   14 never executed
    $$$$$:   40-block  9
       1*:   41:    assert(product.getPrice() == 6);
        1:   41-block  0
call    0 returned 1
branch  1 taken 1 (fallthrough)
branch  2 taken 0 (throw)
        1:   41-block  1
branch  3 taken 0 (fallthrough)
branch  4 taken 1
    %%%%%:   41-block  2
call    5 never executed
branch  6 never executed
branch  7 never executed
        1:   41-block  3
    %%%%%:   41-block  4
        1:   42:}
        1:   42-block  0
call    0 returned 1
call    1 returned 1
    $$$$$:   42-block  1
call    2 never executed
    $$$$$:   42-block  2
call    3 never executed
        -:   43:
function _ZN4Test14banknoteDomainEv called 1 returned 100% blocks executed 62%
        1:   44:void Test::banknoteDomain() {
        1:   45:    Banknote banknote;
        1:   45-block  0
call    0 returned 1
branch  1 taken 1 (fallthrough)
branch  2 taken 0 (throw)
       1*:   46:    assert(banknote.getIndex() == 0);
        1:   46-block  0
call    0 returned 1
branch  1 taken 1 (fallthrough)
branch  2 taken 0 (throw)
        1:   46-block  1
branch  3 taken 0 (fallthrough)
branch  4 taken 1
    %%%%%:   46-block  2
call    5 never executed
branch  6 never executed
branch  7 never executed
        1:   46-block  3
    %%%%%:   46-block  4
       1*:   47:    assert(banknote.getValue() == 0);
        1:   47-block  0
call    0 returned 1
branch  1 taken 1 (fallthrough)
branch  2 taken 0 (throw)
        1:   47-block  1
branch  3 taken 0 (fallthrough)
branch  4 taken 1
    %%%%%:   47-block  2
call    5 never executed
branch  6 never executed
branch  7 never executed
        1:   47-block  3
    %%%%%:   47-block  4
       1*:   48:    assert(banknote.getNoOccurrences() == 0);
        1:   48-block  0
call    0 returned 1
branch  1 taken 1 (fallthrough)
branch  2 taken 0 (throw)
        1:   48-block  1
branch  3 taken 0 (fallthrough)
branch  4 taken 1
    %%%%%:   48-block  2
call    5 never executed
branch  6 never executed
branch  7 never executed
        1:   48-block  3
    %%%%%:   48-block  4
        -:   49:
        1:   50:    banknote.setIndex(1);
        1:   50-block  0
call    0 returned 1
branch  1 taken 1 (fallthrough)
branch  2 taken 0 (throw)
        1:   51:    banknote.setValue(1);
        1:   51-block  0
call    0 returned 1
branch  1 taken 1 (fallthrough)
branch  2 taken 0 (throw)
        1:   52:    banknote.setNoOccurrences(10);
        1:   52-block  0
call    0 returned 1
branch  1 taken 1 (fallthrough)
branch  2 taken 0 (throw)
       1*:   53:    assert(banknote.getIndex() == 1);
        1:   53-block  0
call    0 returned 1
branch  1 taken 1 (fallthrough)
branch  2 taken 0 (throw)
        1:   53-block  1
branch  3 taken 0 (fallthrough)
branch  4 taken 1
    %%%%%:   53-block  2
call    5 never executed
branch  6 never executed
branch  7 never executed
        1:   53-block  3
    %%%%%:   53-block  4
       1*:   54:    assert(banknote.getValue() == 1);
        1:   54-block  0
call    0 returned 1
branch  1 taken 1 (fallthrough)
branch  2 taken 0 (throw)
        1:   54-block  1
branch  3 taken 0 (fallthrough)
branch  4 taken 1
    %%%%%:   54-block  2
call    5 never executed
branch  6 never executed
branch  7 never executed
        1:   54-block  3
    %%%%%:   54-block  4
       1*:   55:    assert(banknote.getNoOccurrences() == 10);
        1:   55-block  0
call    0 returned 1
branch  1 taken 1 (fallthrough)
branch  2 taken 0 (throw)
        1:   55-block  1
branch  3 taken 0 (fallthrough)
branch  4 taken 1
    %%%%%:   55-block  2
call    5 never executed
branch  6 never executed
branch  7 never executed
        1:   55-block  3
    %%%%%:   55-block  4
        -:   56:
        -:   57:
        1:   58:    Banknote banknote1(2, 5, 10);
        1:   58-block  0
call    0 returned 1
branch  1 taken 1 (fallthrough)
branch  2 taken 0 (throw)
       1*:   59:    assert(banknote1.getIndex() == 2);
        1:   59-block  0
call    0 returned 1
branch  1 taken 1 (fallthrough)
branch  2 taken 0 (throw)
        1:   59-block  1
branch  3 taken 0 (fallthrough)
branch  4 taken 1
    %%%%%:   59-block  2
call    5 never executed
branch  6 never executed
branch  7 never executed
        1:   59-block  3
    %%%%%:   59-block  4
       1*:   60:    assert(banknote1.getValue() == 5);
        1:   60-block  0
call    0 returned 1
branch  1 taken 1 (fallthrough)
branch  2 taken 0 (throw)
        1:   60-block  1
branch  3 taken 0 (fallthrough)
branch  4 taken 1
    %%%%%:   60-block  2
call    5 never executed
branch  6 never executed
branch  7 never executed
        1:   60-block  3
    %%%%%:   60-block  4
       1*:   61:    assert(banknote1.getNoOccurrences() == 10);
        1:   61-block  0
call    0 returned 1
branch  1 taken 1 (fallthrough)
branch  2 taken 0 (throw)
        1:   61-block  1
branch  3 taken 0 (fallthrough)
branch  4 taken 1
    %%%%%:   61-block  2
call    5 never executed
branch  6 never executed
branch  7 never executed
        1:   61-block  3
    %%%%%:   61-block  4
        -:   62:
        1:   63:    banknote = banknote1;
        1:   63-block  0
call    0 returned 1
branch  1 taken 1 (fallthrough)
branch  2 taken 0 (throw)
       1*:   64:    assert(banknote1.getIndex() == 2);
        1:   64-block  0
call    0 returned 1
branch  1 taken 1 (fallthrough)
branch  2 taken 0 (throw)
        1:   64-block  1
branch  3 taken 0 (fallthrough)
branch  4 taken 1
    %%%%%:   64-block  2
call    5 never executed
branch  6 never executed
branch  7 never executed
        1:   64-block  3
    %%%%%:   64-block  4
       1*:   65:    assert(banknote1.getValue() == 5);
        1:   65-block  0
call    0 returned 1
branch  1 taken 1 (fallthrough)
branch  2 taken 0 (throw)
        1:   65-block  1
branch  3 taken 0 (fallthrough)
branch  4 taken 1
    %%%%%:   65-block  2
call    5 never executed
branch  6 never executed
branch  7 never executed
        1:   65-block  3
    %%%%%:   65-block  4
       1*:   66:    assert(banknote1.getNoOccurrences() == 10);
        1:   66-block  0
call    0 returned 1
branch  1 taken 1 (fallthrough)
branch  2 taken 0 (throw)
        1:   66-block  1
branch  3 taken 0 (fallthrough)
branch  4 taken 1
    %%%%%:   66-block  2
call    5 never executed
branch  6 never executed
branch  7 never executed
        1:   66-block  3
    %%%%%:   66-block  4
        1:   67:}
        1:   67-block  0
call    0 returned 1
call    1 returned 1
    $$$$$:   67-block  1
call    2 never executed
    $$$$$:   67-block  2
call    3 never executed
        -:   68:
function _ZN4Test10repositoryEv called 1 returned 100% blocks executed 49%
        1:   69:void Test::repository() {
        1:   70:    Repository<Product> repository;
        1:   70-block  0
call    0 returned 1
        -:   71:
        2:   72:    Product p1(1, 1, "croissant", 3);
call    0 returned 1
call    1 returned 1
branch  2 taken 1 (fallthrough)
branch  3 taken 0 (throw)
        1:   72-block  0
call    4 returned 1
branch  5 taken 1 (fallthrough)
branch  6 taken 0 (throw)
call    7 returned 1
    $$$$$:   72-block  1
    $$$$$:   72-block  2
        2:   73:    Product p2(2, 2, "suc", 5);
call    0 returned 1
call    1 returned 1
branch  2 taken 1 (fallthrough)
branch  3 taken 0 (throw)
        1:   73-block  0
call    4 returned 1
branch  5 taken 1 (fallthrough)
branch  6 taken 0 (throw)
call    7 returned 1
    $$$$$:   73-block  1
    $$$$$:   73-block  2
        2:   74:    Product p3(3, 3, "ciocolata", 7);
call    0 returned 1
call    1 returned 1
branch  2 taken 1 (fallthrough)
branch  3 taken 0 (throw)
        1:   74-block  0
call    4 returned 1
branch  5 taken 1 (fallthrough)
branch  6 taken 0 (throw)
call    7 returned 1
    $$$$$:   74-block  1
    $$$$$:   74-block  2
        2:   75:    Product p4(4, 4, "popcorn", 4);
call    0 returned 1
call    1 returned 1
branch  2 taken 1 (fallthrough)
branch  3 taken 0 (throw)
        1:   75-block  0
call    4 returned 1
branch  5 taken 1 (fallthrough)
branch  6 taken 0 (throw)
call    7 returned 1
    $$$$$:   75-block  1
    $$$$$:   75-block  2
        2:   76:    Product p5(5, 5, "apa", 3);
call    0 returned 1
call    1 returned 1
branch  2 taken 1 (fallthrough)
branch  3 taken 0 (throw)
        1:   76-block  0
call    4 returned 1
branch  5 taken 1 (fallthrough)
branch  6 taken 0 (throw)
call    7 returned 1
    $$$$$:   76-block  1
    $$$$$:   76-block  2
        -:   77:
        1:   78:    repository.addEntity(p1);
call    0 returned 1
branch  1 taken 1 (fallthrough)
branch  2 taken 0 (throw)
        1:   78-block  0
call    3 returned 1
branch  4 taken 1 (fallthrough)
branch  5 taken 0 (throw)
        1:   78-block  1
call    6 returned 1
    $$$$$:   78-block  2
call    7 never executed
    $$$$$:   78-block  3
        1:   79:    repository.addEntity(p2);
call    0 returned 1
branch  1 taken 1 (fallthrough)
branch  2 taken 0 (throw)
        1:   79-block  0
call    3 returned 1
branch  4 taken 1 (fallthrough)
branch  5 taken 0 (throw)
        1:   79-block  1
call    6 returned 1
    $$$$$:   79-block  2
call    7 never executed
    $$$$$:   79-block  3
        1:   80:    repository.addEntity(p3);
call    0 returned 1
branch  1 taken 1 (fallthrough)
branch  2 taken 0 (throw)
        1:   80-block  0
call    3 returned 1
branch  4 taken 1 (fallthrough)
branch  5 taken 0 (throw)
        1:   80-block  1
call    6 returned 1
    $$$$$:   80-block  2
call    7 never executed
    $$$$$:   80-block  3
        1:   81:    repository.addEntity(p4);
call    0 returned 1
branch  1 taken 1 (fallthrough)
branch  2 taken 0 (throw)
        1:   81-block  0
call    3 returned 1
branch  4 taken 1 (fallthrough)
branch  5 taken 0 (throw)
        1:   81-block  1
call    6 returned 1
    $$$$$:   81-block  2
call    7 never executed
    $$$$$:   81-block  3
        1:   82:    repository.addEntity(p5);
call    0 returned 1
branch  1 taken 1 (fallthrough)
branch  2 taken 0 (throw)
        1:   82-block  0
call    3 returned 1
branch  4 taken 1 (fallthrough)
branch  5 taken 0 (throw)
        1:   82-block  1
call    6 returned 1
    $$$$$:   82-block  2
call    7 never executed
    $$$$$:   82-block  3
       1*:   83:    assert(repository.getAll()[0] == p1);
call    0 returned 1
branch  1 taken 1 (fallthrough)
branch  2 taken 0 (throw)
        1:   83-block  0
call    3 returned 1
call    4 returned 1
branch  5 taken 1 (fallthrough)
branch  6 taken 0 (throw)
        1:   83-block  1
branch  7 taken 0 (fallthrough)
branch  8 taken 1
    %%%%%:   83-block  2
call    9 never executed
branch 10 never executed
branch 11 never executed
        1:   83-block  3
    %%%%%:   83-block  4
        1:   83-block  5
branch 12 taken 1 (fallthrough)
branch 13 taken 0
        1:   83-block  6
call   14 returned 1
    $$$$$:   83-block  7
branch 15 never executed
branch 16 never executed
    $$$$$:   83-block  8
call   17 never executed
    $$$$$:   83-block  9
       1*:   84:    assert(repository.getAll()[1] == p2);
        1:   84-block  0
call    0 returned 1
branch  1 taken 1 (fallthrough)
branch  2 taken 0 (throw)
        1:   84-block  1
call    3 returned 1
call    4 returned 1
branch  5 taken 1 (fallthrough)
branch  6 taken 0 (throw)
        1:   84-block  2
branch  7 taken 0 (fallthrough)
branch  8 taken 1
    %%%%%:   84-block  3
call    9 never executed
branch 10 never executed
branch 11 never executed
        1:   84-block  4
    %%%%%:   84-block  5
        1:   84-block  6
branch 12 taken 1 (fallthrough)
branch 13 taken 0
        1:   84-block  7
call   14 returned 1
    $$$$$:   84-block  8
branch 15 never executed
branch 16 never executed
    $$$$$:   84-block  9
call   17 never executed
    $$$$$:   84-block 10
       1*:   85:    assert(repository.getAll()[2] == p3);
        1:   85-block  0
call    0 returned 1
branch  1 taken 1 (fallthrough)
branch  2 taken 0 (throw)
        1:   85-block  1
call    3 returned 1
call    4 returned 1
branch  5 taken 1 (fallthrough)
branch  6 taken 0 (throw)
        1:   85-block  2
branch  7 taken 0 (fallthrough)
branch  8 taken 1
    %%%%%:   85-block  3
call    9 never executed
branch 10 never executed
branch 11 never executed
        1:   85-block  4
    %%%%%:   85-block  5
        1:   85-block  6
branch 12 taken 1 (fallthrough)
branch 13 taken 0
        1:   85-block  7
call   14 returned 1
    $$$$$:   85-block  8
branch 15 never executed
branch 16 never executed
    $$$$$:   85-block  9
call   17 never executed
    $$$$$:   85-block 10
       1*:   86:    assert(repository.getAll()[3] == p4);
        1:   86-block  0
call    0 returned 1
branch  1 taken 1 (fallthrough)
branch  2 taken 0 (throw)
        1:   86-block  1
call    3 returned 1
call    4 returned 1
branch  5 taken 1 (fallthrough)
branch  6 taken 0 (throw)
        1:   86-block  2
branch  7 taken 0 (fallthrough)
branch  8 taken 1
    %%%%%:   86-block  3
call    9 never executed
branch 10 never executed
branch 11 never executed
        1:   86-block  4
    %%%%%:   86-block  5
        1:   86-block  6
branch 12 taken 1 (fallthrough)
branch 13 taken 0
        1:   86-block  7
call   14 returned 1
    $$$$$:   86-block  8
branch 15 never executed
branch 16 never executed
    $$$$$:   86-block  9
call   17 never executed
    $$$$$:   86-block 10
       1*:   87:    assert(repository.getAll()[4] == p5);
        1:   87-block  0
call    0 returned 1
branch  1 taken 1 (fallthrough)
branch  2 taken 0 (throw)
        1:   87-block  1
call    3 returned 1
call    4 returned 1
branch  5 taken 1 (fallthrough)
branch  6 taken 0 (throw)
        1:   87-block  2
branch  7 taken 0 (fallthrough)
branch  8 taken 1
    %%%%%:   87-block  3
call    9 never executed
branch 10 never executed
branch 11 never executed
        1:   87-block  4
    %%%%%:   87-block  5
        1:   87-block  6
branch 12 taken 1 (fallthrough)
branch 13 taken 0
        1:   87-block  7
call   14 returned 1
    $$$$$:   87-block  8
branch 15 never executed
branch 16 never executed
    $$$$$:   87-block  9
call   17 never executed
    $$$$$:   87-block 10
        -:   88:
        1:   89:    repository.deleteEntity(2);
        1:   89-block  0
call    0 returned 1
branch  1 taken 1 (fallthrough)
branch  2 taken 0 (throw)
        1:   90:    repository.deleteEntity(4);
        1:   90-block  0
call    0 returned 1
branch  1 taken 1 (fallthrough)
branch  2 taken 0 (throw)
        1:   91:    repository.deleteEntity(5);
        1:   91-block  0
call    0 returned 1
branch  1 taken 1 (fallthrough)
branch  2 taken 0 (throw)
       1*:   92:    assert(repository.getAll().size() == 2);
        1:   92-block  0
call    0 returned 1
branch  1 taken 1 (fallthrough)
branch  2 taken 0 (throw)
        1:   92-block  1
call    3 returned 1
branch  4 taken 0 (fallthrough)
branch  5 taken 1
    %%%%%:   92-block  2
call    6 never executed
branch  7 never executed
branch  8 never executed
        1:   92-block  3
    %%%%%:   92-block  4
        1:   92-block  5
branch  9 taken 1 (fallthrough)
branch 10 taken 0
        1:   92-block  6
call   11 returned 1
    $$$$$:   92-block  7
branch 12 never executed
branch 13 never executed
    $$$$$:   92-block  8
call   14 never executed
    $$$$$:   92-block  9
        -:   93:
        1:   94:    repository.updateEntity(1, Product(1, 1, "suc", 5));
        1:   94-block  0
call    0 returned 1
call    1 returned 1
branch  2 taken 1 (fallthrough)
branch  3 taken 0 (throw)
        1:   94-block  1
call    4 returned 1
branch  5 taken 1 (fallthrough)
branch  6 taken 0 (throw)
        1:   94-block  2
call    7 returned 1
branch  8 taken 1 (fallthrough)
branch  9 taken 0 (throw)
        1:   94-block  3
call   10 returned 1
call   11 returned 1
call   12 returned 1
    $$$$$:   94-block  4
call   13 never executed
    $$$$$:   94-block  5
    $$$$$:   94-block  6
call   14 never executed
    $$$$$:   94-block  7
    $$$$$:   94-block  8
call   15 never executed
    $$$$$:   94-block  9
        1:   95:    repository.updateEntity(3, Product(2, 2, "apa", 3));
call    0 returned 1
call    1 returned 1
branch  2 taken 1 (fallthrough)
branch  3 taken 0 (throw)
        1:   95-block  0
call    4 returned 1
branch  5 taken 1 (fallthrough)
branch  6 taken 0 (throw)
        1:   95-block  1
call    7 returned 1
branch  8 taken 1 (fallthrough)
branch  9 taken 0 (throw)
        1:   95-block  2
call   10 returned 1
call   11 returned 1
call   12 returned 1
    $$$$$:   95-block  3
call   13 never executed
    $$$$$:   95-block  4
    $$$$$:   95-block  5
call   14 never executed
    $$$$$:   95-block  6
    $$$$$:   95-block  7
call   15 never executed
    $$$$$:   95-block  8
       1*:   96:    assert(repository.getAll()[0] == Product(1, 1, "suc", 5));
call    0 returned 1
call    1 returned 1
branch  2 taken 1 (fallthrough)
branch  3 taken 0 (throw)
        1:   96-block  0
call    4 returned 1
branch  5 taken 1 (fallthrough)
branch  6 taken 0 (throw)
        1:   96-block  1
call    7 returned 1
branch  8 taken 1 (fallthrough)
branch  9 taken 0 (throw)
        1:   96-block  2
call   10 returned 1
call   11 returned 1
branch 12 taken 1 (fallthrough)
branch 13 taken 0 (throw)
        1:   96-block  3
branch 14 taken 0 (fallthrough)
branch 15 taken 1
    %%%%%:   96-block  4
call   16 never executed
branch 17 never executed
branch 18 never executed
        1:   96-block  5
    %%%%%:   96-block  6
        1:   96-block  7
branch 19 taken 1 (fallthrough)
branch 20 taken 0
        1:   96-block  8
call   21 returned 1
        1:   96-block  9
branch 22 taken 1 (fallthrough)
branch 23 taken 0
        1:   96-block 10
call   24 returned 1
        1:   96-block 11
branch 25 taken 1 (fallthrough)
branch 26 taken 0
        1:   96-block 12
call   27 returned 1
        1:   96-block 13
branch 28 taken 1 (fallthrough)
branch 29 taken 0
        1:   96-block 14
call   30 returned 1
    $$$$$:   96-block 15
branch 31 never executed
branch 32 never executed
    $$$$$:   96-block 16
call   33 never executed
    $$$$$:   96-block 17
    $$$$$:   96-block 18
branch 34 never executed
branch 35 never executed
    $$$$$:   96-block 19
call   36 never executed
    $$$$$:   96-block 20
    $$$$$:   96-block 21
branch 37 never executed
branch 38 never executed
    $$$$$:   96-block 22
call   39 never executed
    $$$$$:   96-block 23
    $$$$$:   96-block 24
branch 40 never executed
branch 41 never executed
    $$$$$:   96-block 25
call   42 never executed
    $$$$$:   96-block 26
       1*:   97:    assert(repository.getAll()[1] == Product(2, 2, "apa", 3));
        1:   97-block  0
call    0 returned 1
call    1 returned 1
branch  2 taken 1 (fallthrough)
branch  3 taken 0 (throw)
        1:   97-block  1
call    4 returned 1
branch  5 taken 1 (fallthrough)
branch  6 taken 0 (throw)
        1:   97-block  2
call    7 returned 1
branch  8 taken 1 (fallthrough)
branch  9 taken 0 (throw)
        1:   97-block  3
call   10 returned 1
call   11 returned 1
branch 12 taken 1 (fallthrough)
branch 13 taken 0 (throw)
        1:   97-block  4
branch 14 taken 0 (fallthrough)
branch 15 taken 1
    %%%%%:   97-block  5
call   16 never executed
branch 17 never executed
branch 18 never executed
        1:   97-block  6
    %%%%%:   97-block  7
        1:   97-block  8
branch 19 taken 1 (fallthrough)
branch 20 taken 0
        1:   97-block  9
call   21 returned 1
        1:   97-block 10
branch 22 taken 1 (fallthrough)
branch 23 taken 0
        1:   97-block 11
call   24 returned 1
        1:   97-block 12
branch 25 taken 1 (fallthrough)
branch 26 taken 0
        1:   97-block 13
call   27 returned 1
        1:   97-block 14
branch 28 taken 1 (fallthrough)
branch 29 taken 0
        1:   97-block 15
call   30 returned 1
    $$$$$:   97-block 16
branch 31 never executed
branch 32 never executed
    $$$$$:   97-block 17
call   33 never executed
    $$$$$:   97-block 18
    $$$$$:   97-block 19
branch 34 never executed
branch 35 never executed
    $$$$$:   97-block 20
call   36 never executed
    $$$$$:   97-block 21
    $$$$$:   97-block 22
branch 37 never executed
branch 38 never executed
    $$$$$:   97-block 23
call   39 never executed
    $$$$$:   97-block 24
    $$$$$:   97-block 25
branch 40 never executed
branch 41 never executed
    $$$$$:   97-block 26
call   42 never executed
    $$$$$:   97-block 27
        1:   98:}
        1:   98-block  0
call    0 returned 1
call    1 returned 1
call    2 returned 1
call    3 returned 1
call    4 returned 1
call    5 returned 1
    $$$$$:   98-block  1
call    6 never executed
    $$$$$:   98-block  2
call    7 never executed
    $$$$$:   98-block  3
call    8 never executed
    $$$$$:   98-block  4
call    9 never executed
    $$$$$:   98-block  5
call   10 never executed
    $$$$$:   98-block  6
call   11 never executed
        -:   99:
function _ZN4Test16repositoryInFileEv called 1 returned 100% blocks executed 49%
        1:  100:void Test::repositoryInFile() {
        -:  101:
        2:  102:    RepositoryInFile<Product> repository("test.txt");
        1:  102-block  0
call    0 returned 1
call    1 returned 1
branch  2 taken 1 (fallthrough)
branch  3 taken 0 (throw)
        1:  102-block  1
call    4 returned 1
branch  5 taken 1 (fallthrough)
branch  6 taken 0 (throw)
call    7 returned 1
    $$$$$:  102-block  2
    $$$$$:  102-block  3
        -:  103:
        2:  104:    Product p1(1, 1, "croissant", 3);
call    0 returned 1
call    1 returned 1
branch  2 taken 1 (fallthrough)
branch  3 taken 0 (throw)
        1:  104-block  0
call    4 returned 1
branch  5 taken 1 (fallthrough)
branch  6 taken 0 (throw)
call    7 returned 1
    $$$$$:  104-block  1
    $$$$$:  104-block  2
        2:  105:    Product p2(2, 2, "suc", 5);
call    0 returned 1
call    1 returned 1
branch  2 taken 1 (fallthrough)
branch  3 taken 0 (throw)
        1:  105-block  0
call    4 returned 1
branch  5 taken 1 (fallthrough)
branch  6 taken 0 (throw)
call    7 returned 1
    $$$$$:  105-block  1
    $$$$$:  105-block  2
        2:  106:    Product p3(3, 3, "ciocolata", 7);
call    0 returned 1
call    1 returned 1
branch  2 taken 1 (fallthrough)
branch  3 taken 0 (throw)
        1:  106-block  0
call    4 returned 1
branch  5 taken 1 (fallthrough)
branch  6 taken 0 (throw)
call    7 returned 1
    $$$$$:  106-block  1
    $$$$$:  106-block  2
        2:  107:    Product p4(4, 4, "popcorn", 4);
call    0 returned 1
call    1 returned 1
branch  2 taken 1 (fallthrough)
branch  3 taken 0 (throw)
        1:  107-block  0
call    4 returned 1
branch  5 taken 1 (fallthrough)
branch  6 taken 0 (throw)
call    7 returned 1
    $$$$$:  107-block  1
    $$$$$:  107-block  2
        2:  108:    Product p5(5, 5, "apa", 3);
call    0 returned 1
call    1 returned 1
branch  2 taken 1 (fallthrough)
branch  3 taken 0 (throw)
        1:  108-block  0
call    4 returned 1
branch  5 taken 1 (fallthrough)
branch  6 taken 0 (throw)
call    7 returned 1
    $$$$$:  108-block  1
    $$$$$:  108-block  2
        -:  109:
        1:  110:    repository.addEntity(p1);
call    0 returned 1
branch  1 taken 1 (fallthrough)
branch  2 taken 0 (throw)
        1:  110-block  0
call    3 returned 1
branch  4 taken 1 (fallthrough)
branch  5 taken 0 (throw)
        1:  110-block  1
call    6 returned 1
    $$$$$:  110-block  2
call    7 never executed
    $$$$$:  110-block  3
        1:  111:    repository.addEntity(p2);
call    0 returned 1
branch  1 taken 1 (fallthrough)
branch  2 taken 0 (throw)
        1:  111-block  0
call    3 returned 1
branch  4 taken 1 (fallthrough)
branch  5 taken 0 (throw)
        1:  111-block  1
call    6 returned 1
    $$$$$:  111-block  2
call    7 never executed
    $$$$$:  111-block  3
        1:  112:    repository.addEntity(p3);
call    0 returned 1
branch  1 taken 1 (fallthrough)
branch  2 taken 0 (throw)
        1:  112-block  0
call    3 returned 1
branch  4 taken 1 (fallthrough)
branch  5 taken 0 (throw)
        1:  112-block  1
call    6 returned 1
    $$$$$:  112-block  2
call    7 never executed
    $$$$$:  112-block  3
        1:  113:    repository.addEntity(p4);
call    0 returned 1
branch  1 taken 1 (fallthrough)
branch  2 taken 0 (throw)
        1:  113-block  0
call    3 returned 1
branch  4 taken 1 (fallthrough)
branch  5 taken 0 (throw)
        1:  113-block  1
call    6 returned 1
    $$$$$:  113-block  2
call    7 never executed
    $$$$$:  113-block  3
        1:  114:    repository.addEntity(p5);
call    0 returned 1
branch  1 taken 1 (fallthrough)
branch  2 taken 0 (throw)
        1:  114-block  0
call    3 returned 1
branch  4 taken 1 (fallthrough)
branch  5 taken 0 (throw)
        1:  114-block  1
call    6 returned 1
    $$$$$:  114-block  2
call    7 never executed
    $$$$$:  114-block  3
       1*:  115:    assert(repository.getAll()[0] == p1);
call    0 returned 1
branch  1 taken 1 (fallthrough)
branch  2 taken 0 (throw)
        1:  115-block  0
call    3 returned 1
call    4 returned 1
branch  5 taken 1 (fallthrough)
branch  6 taken 0 (throw)
        1:  115-block  1
branch  7 taken 0 (fallthrough)
branch  8 taken 1
    %%%%%:  115-block  2
call    9 never executed
branch 10 never executed
branch 11 never executed
        1:  115-block  3
    %%%%%:  115-block  4
        1:  115-block  5
branch 12 taken 1 (fallthrough)
branch 13 taken 0
        1:  115-block  6
call   14 returned 1
    $$$$$:  115-block  7
branch 15 never executed
branch 16 never executed
    $$$$$:  115-block  8
call   17 never executed
    $$$$$:  115-block  9
       1*:  116:    assert(repository.getAll()[1] == p2);
        1:  116-block  0
call    0 returned 1
branch  1 taken 1 (fallthrough)
branch  2 taken 0 (throw)
        1:  116-block  1
call    3 returned 1
call    4 returned 1
branch  5 taken 1 (fallthrough)
branch  6 taken 0 (throw)
        1:  116-block  2
branch  7 taken 0 (fallthrough)
branch  8 taken 1
    %%%%%:  116-block  3
call    9 never executed
branch 10 never executed
branch 11 never executed
        1:  116-block  4
    %%%%%:  116-block  5
        1:  116-block  6
branch 12 taken 1 (fallthrough)
branch 13 taken 0
        1:  116-block  7
call   14 returned 1
    $$$$$:  116-block  8
branch 15 never executed
branch 16 never executed
    $$$$$:  116-block  9
call   17 never executed
    $$$$$:  116-block 10
       1*:  117:    assert(repository.getAll()[2] == p3);
        1:  117-block  0
call    0 returned 1
branch  1 taken 1 (fallthrough)
branch  2 taken 0 (throw)
        1:  117-block  1
call    3 returned 1
call    4 returned 1
branch  5 taken 1 (fallthrough)
branch  6 taken 0 (throw)
        1:  117-block  2
branch  7 taken 0 (fallthrough)
branch  8 taken 1
    %%%%%:  117-block  3
call    9 never executed
branch 10 never executed
branch 11 never executed
        1:  117-block  4
    %%%%%:  117-block  5
        1:  117-block  6
branch 12 taken 1 (fallthrough)
branch 13 taken 0
        1:  117-block  7
call   14 returned 1
    $$$$$:  117-block  8
branch 15 never executed
branch 16 never executed
    $$$$$:  117-block  9
call   17 never executed
    $$$$$:  117-block 10
       1*:  118:    assert(repository.getAll()[3] == p4);
        1:  118-block  0
call    0 returned 1
branch  1 taken 1 (fallthrough)
branch  2 taken 0 (throw)
        1:  118-block  1
call    3 returned 1
call    4 returned 1
branch  5 taken 1 (fallthrough)
branch  6 taken 0 (throw)
        1:  118-block  2
branch  7 taken 0 (fallthrough)
branch  8 taken 1
    %%%%%:  118-block  3
call    9 never executed
branch 10 never executed
branch 11 never executed
        1:  118-block  4
    %%%%%:  118-block  5
        1:  118-block  6
branch 12 taken 1 (fallthrough)
branch 13 taken 0
        1:  118-block  7
call   14 returned 1
    $$$$$:  118-block  8
branch 15 never executed
branch 16 never executed
    $$$$$:  118-block  9
call   17 never executed
    $$$$$:  118-block 10
       1*:  119:    assert(repository.getAll()[4] == p5);
        1:  119-block  0
call    0 returned 1
branch  1 taken 1 (fallthrough)
branch  2 taken 0 (throw)
        1:  119-block  1
call    3 returned 1
call    4 returned 1
branch  5 taken 1 (fallthrough)
branch  6 taken 0 (throw)
        1:  119-block  2
branch  7 taken 0 (fallthrough)
branch  8 taken 1
    %%%%%:  119-block  3
call    9 never executed
branch 10 never executed
branch 11 never executed
        1:  119-block  4
    %%%%%:  119-block  5
        1:  119-block  6
branch 12 taken 1 (fallthrough)
branch 13 taken 0
        1:  119-block  7
call   14 returned 1
    $$$$$:  119-block  8
branch 15 never executed
branch 16 never executed
    $$$$$:  119-block  9
call   17 never executed
    $$$$$:  119-block 10
        -:  120:
        1:  121:    repository.deleteEntity(2);
        1:  121-block  0
call    0 returned 1
branch  1 taken 1 (fallthrough)
branch  2 taken 0 (throw)
        1:  122:    repository.deleteEntity(4);
        1:  122-block  0
call    0 returned 1
branch  1 taken 1 (fallthrough)
branch  2 taken 0 (throw)
        1:  123:    repository.deleteEntity(5);
        1:  123-block  0
call    0 returned 1
branch  1 taken 1 (fallthrough)
branch  2 taken 0 (throw)
       1*:  124:    assert(repository.getAll().size() == 2);
        1:  124-block  0
call    0 returned 1
branch  1 taken 1 (fallthrough)
branch  2 taken 0 (throw)
        1:  124-block  1
call    3 returned 1
branch  4 taken 0 (fallthrough)
branch  5 taken 1
    %%%%%:  124-block  2
call    6 never executed
branch  7 never executed
branch  8 never executed
        1:  124-block  3
    %%%%%:  124-block  4
        1:  124-block  5
branch  9 taken 1 (fallthrough)
branch 10 taken 0
        1:  124-block  6
call   11 returned 1
    $$$$$:  124-block  7
branch 12 never executed
branch 13 never executed
    $$$$$:  124-block  8
call   14 never executed
    $$$$$:  124-block  9
        -:  125:
        1:  126:    repository.updateEntity(1, Product(1, 1, "suc", 5));
        1:  126-block  0
call    0 returned 1
call    1 returned 1
branch  2 taken 1 (fallthrough)
branch  3 taken 0 (throw)
        1:  126-block  1
call    4 returned 1
branch  5 taken 1 (fallthrough)
branch  6 taken 0 (throw)
        1:  126-block  2
call    7 returned 1
branch  8 taken 1 (fallthrough)
branch  9 taken 0 (throw)
        1:  126-block  3
call   10 returned 1
call   11 returned 1
call   12 returned 1
    $$$$$:  126-block  4
call   13 never executed
    $$$$$:  126-block  5
    $$$$$:  126-block  6
call   14 never executed
    $$$$$:  126-block  7
    $$$$$:  126-block  8
call   15 never executed
    $$$$$:  126-block  9
        1:  127:    repository.updateEntity(3, Product(2, 2, "apa", 3));
call    0 returned 1
call    1 returned 1
branch  2 taken 1 (fallthrough)
branch  3 taken 0 (throw)
        1:  127-block  0
call    4 returned 1
branch  5 taken 1 (fallthrough)
branch  6 taken 0 (throw)
        1:  127-block  1
call    7 returned 1
branch  8 taken 1 (fallthrough)
branch  9 taken 0 (throw)
        1:  127-block  2
call   10 returned 1
call   11 returned 1
call   12 returned 1
    $$$$$:  127-block  3
call   13 never executed
    $$$$$:  127-block  4
    $$$$$:  127-block  5
call   14 never executed
    $$$$$:  127-block  6
    $$$$$:  127-block  7
call   15 never executed
    $$$$$:  127-block  8
       1*:  128:    assert(repository.getAll()[0] == Product(1, 1, "suc", 5));
call    0 returned 1
call    1 returned 1
branch  2 taken 1 (fallthrough)
branch  3 taken 0 (throw)
        1:  128-block  0
call    4 returned 1
branch  5 taken 1 (fallthrough)
branch  6 taken 0 (throw)
        1:  128-block  1
call    7 returned 1
branch  8 taken 1 (fallthrough)
branch  9 taken 0 (throw)
        1:  128-block  2
call   10 returned 1
call   11 returned 1
branch 12 taken 1 (fallthrough)
branch 13 taken 0 (throw)
        1:  128-block  3
branch 14 taken 0 (fallthrough)
branch 15 taken 1
    %%%%%:  128-block  4
call   16 never executed
branch 17 never executed
branch 18 never executed
        1:  128-block  5
    %%%%%:  128-block  6
        1:  128-block  7
branch 19 taken 1 (fallthrough)
branch 20 taken 0
        1:  128-block  8
call   21 returned 1
        1:  128-block  9
branch 22 taken 1 (fallthrough)
branch 23 taken 0
        1:  128-block 10
call   24 returned 1
        1:  128-block 11
branch 25 taken 1 (fallthrough)
branch 26 taken 0
        1:  128-block 12
call   27 returned 1
        1:  128-block 13
branch 28 taken 1 (fallthrough)
branch 29 taken 0
        1:  128-block 14
call   30 returned 1
    $$$$$:  128-block 15
branch 31 never executed
branch 32 never executed
    $$$$$:  128-block 16
call   33 never executed
    $$$$$:  128-block 17
    $$$$$:  128-block 18
branch 34 never executed
branch 35 never executed
    $$$$$:  128-block 19
call   36 never executed
    $$$$$:  128-block 20
    $$$$$:  128-block 21
branch 37 never executed
branch 38 never executed
    $$$$$:  128-block 22
call   39 never executed
    $$$$$:  128-block 23
    $$$$$:  128-block 24
branch 40 never executed
branch 41 never executed
    $$$$$:  128-block 25
call   42 never executed
    $$$$$:  128-block 26
       1*:  129:    assert(repository.getAll()[1] == Product(2, 2, "apa", 3));
        1:  129-block  0
call    0 returned 1
call    1 returned 1
branch  2 taken 1 (fallthrough)
branch  3 taken 0 (throw)
        1:  129-block  1
call    4 returned 1
branch  5 taken 1 (fallthrough)
branch  6 taken 0 (throw)
        1:  129-block  2
call    7 returned 1
branch  8 taken 1 (fallthrough)
branch  9 taken 0 (throw)
        1:  129-block  3
call   10 returned 1
call   11 returned 1
branch 12 taken 1 (fallthrough)
branch 13 taken 0 (throw)
        1:  129-block  4
branch 14 taken 0 (fallthrough)
branch 15 taken 1
    %%%%%:  129-block  5
call   16 never executed
branch 17 never executed
branch 18 never executed
        1:  129-block  6
    %%%%%:  129-block  7
        1:  129-block  8
branch 19 taken 1 (fallthrough)
branch 20 taken 0
        1:  129-block  9
call   21 returned 1
        1:  129-block 10
branch 22 taken 1 (fallthrough)
branch 23 taken 0
        1:  129-block 11
call   24 returned 1
        1:  129-block 12
branch 25 taken 1 (fallthrough)
branch 26 taken 0
        1:  129-block 13
call   27 returned 1
        1:  129-block 14
branch 28 taken 1 (fallthrough)
branch 29 taken 0
        1:  129-block 15
call   30 returned 1
    $$$$$:  129-block 16
branch 31 never executed
branch 32 never executed
    $$$$$:  129-block 17
call   33 never executed
    $$$$$:  129-block 18
    $$$$$:  129-block 19
branch 34 never executed
branch 35 never executed
    $$$$$:  129-block 20
call   36 never executed
    $$$$$:  129-block 21
    $$$$$:  129-block 22
branch 37 never executed
branch 38 never executed
    $$$$$:  129-block 23
call   39 never executed
    $$$$$:  129-block 24
    $$$$$:  129-block 25
branch 40 never executed
branch 41 never executed
    $$$$$:  129-block 26
call   42 never executed
    $$$$$:  129-block 27
        -:  130:
        1:  131:    repository.deleteEntity(1);
        1:  131-block  0
call    0 returned 1
branch  1 taken 1 (fallthrough)
branch  2 taken 0 (throw)
        1:  132:    repository.deleteEntity(2);
        1:  132-block  0
call    0 returned 1
branch  1 taken 1 (fallthrough)
branch  2 taken 0 (throw)
        1:  133:}
        1:  133-block  0
call    0 returned 1
call    1 returned 1
call    2 returned 1
call    3 returned 1
call    4 returned 1
call    5 returned 1
    $$$$$:  133-block  1
call    6 never executed
    $$$$$:  133-block  2
call    7 never executed
    $$$$$:  133-block  3
call    8 never executed
    $$$$$:  133-block  4
call    9 never executed
    $$$$$:  133-block  5
call   10 never executed
    $$$$$:  133-block  6
call   11 never executed
        -:  134:
function _ZN4Test14productServiceEv called 1 returned 100% blocks executed 49%
        1:  135:void Test::productService() {
        1:  136:    Repository<Product> repository;
        1:  136-block  0
call    0 returned 1
        1:  137:    ProductService service(repository);
call    0 returned 1
branch  1 taken 1 (fallthrough)
branch  2 taken 0 (throw)
        -:  138:
        2:  139:    Product p1(1, 1, "croissant", 3);
        1:  139-block  0
call    0 returned 1
call    1 returned 1
branch  2 taken 1 (fallthrough)
branch  3 taken 0 (throw)
        1:  139-block  1
call    4 returned 1
branch  5 taken 1 (fallthrough)
branch  6 taken 0 (throw)
call    7 returned 1
    $$$$$:  139-block  2
    $$$$$:  139-block  3
        2:  140:    Product p2(2, 2, "suc", 5);
call    0 returned 1
call    1 returned 1
branch  2 taken 1 (fallthrough)
branch  3 taken 0 (throw)
        1:  140-block  0
call    4 returned 1
branch  5 taken 1 (fallthrough)
branch  6 taken 0 (throw)
call    7 returned 1
    $$$$$:  140-block  1
    $$$$$:  140-block  2
        2:  141:    Product p3(3, 3, "ciocolata", 7);
call    0 returned 1
call    1 returned 1
branch  2 taken 1 (fallthrough)
branch  3 taken 0 (throw)
        1:  141-block  0
call    4 returned 1
branch  5 taken 1 (fallthrough)
branch  6 taken 0 (throw)
call    7 returned 1
    $$$$$:  141-block  1
    $$$$$:  141-block  2
        2:  142:    Product p4(4, 4, "popcorn", 4);
call    0 returned 1
call    1 returned 1
branch  2 taken 1 (fallthrough)
branch  3 taken 0 (throw)
        1:  142-block  0
call    4 returned 1
branch  5 taken 1 (fallthrough)
branch  6 taken 0 (throw)
call    7 returned 1
    $$$$$:  142-block  1
    $$$$$:  142-block  2
        2:  143:    Product p5(5, 5, "apa", 3);
call    0 returned 1
call    1 returned 1
branch  2 taken 1 (fallthrough)
branch  3 taken 0 (throw)
        1:  143-block  0
call    4 returned 1
branch  5 taken 1 (fallthrough)
branch  6 taken 0 (throw)
call    7 returned 1
    $$$$$:  143-block  1
    $$$$$:  143-block  2
        -:  144:
        1:  145:    service.create(p1);
call    0 returned 1
branch  1 taken 1 (fallthrough)
branch  2 taken 0 (throw)
        1:  145-block  0
call    3 returned 1
branch  4 taken 1 (fallthrough)
branch  5 taken 0 (throw)
        1:  145-block  1
call    6 returned 1
    $$$$$:  145-block  2
call    7 never executed
    $$$$$:  145-block  3
        1:  146:    service.create(p2);
call    0 returned 1
branch  1 taken 1 (fallthrough)
branch  2 taken 0 (throw)
        1:  146-block  0
call    3 returned 1
branch  4 taken 1 (fallthrough)
branch  5 taken 0 (throw)
        1:  146-block  1
call    6 returned 1
    $$$$$:  146-block  2
call    7 never executed
    $$$$$:  146-block  3
        1:  147:    service.create(p3);
call    0 returned 1
branch  1 taken 1 (fallthrough)
branch  2 taken 0 (throw)
        1:  147-block  0
call    3 returned 1
branch  4 taken 1 (fallthrough)
branch  5 taken 0 (throw)
        1:  147-block  1
call    6 returned 1
    $$$$$:  147-block  2
call    7 never executed
    $$$$$:  147-block  3
        1:  148:    service.create(p4);
call    0 returned 1
branch  1 taken 1 (fallthrough)
branch  2 taken 0 (throw)
        1:  148-block  0
call    3 returned 1
branch  4 taken 1 (fallthrough)
branch  5 taken 0 (throw)
        1:  148-block  1
call    6 returned 1
    $$$$$:  148-block  2
call    7 never executed
    $$$$$:  148-block  3
        1:  149:    service.create(p5);
call    0 returned 1
branch  1 taken 1 (fallthrough)
branch  2 taken 0 (throw)
        1:  149-block  0
call    3 returned 1
branch  4 taken 1 (fallthrough)
branch  5 taken 0 (throw)
        1:  149-block  1
call    6 returned 1
    $$$$$:  149-block  2
call    7 never executed
    $$$$$:  149-block  3
       1*:  150:    assert(service.read()[0] == p1);
call    0 returned 1
branch  1 taken 1 (fallthrough)
branch  2 taken 0 (throw)
        1:  150-block  0
call    3 returned 1
call    4 returned 1
branch  5 taken 1 (fallthrough)
branch  6 taken 0 (throw)
        1:  150-block  1
branch  7 taken 0 (fallthrough)
branch  8 taken 1
    %%%%%:  150-block  2
call    9 never executed
branch 10 never executed
branch 11 never executed
        1:  150-block  3
    %%%%%:  150-block  4
        1:  150-block  5
branch 12 taken 1 (fallthrough)
branch 13 taken 0
        1:  150-block  6
call   14 returned 1
    $$$$$:  150-block  7
branch 15 never executed
branch 16 never executed
    $$$$$:  150-block  8
call   17 never executed
    $$$$$:  150-block  9
       1*:  151:    assert(service.read()[1] == p2);
        1:  151-block  0
call    0 returned 1
branch  1 taken 1 (fallthrough)
branch  2 taken 0 (throw)
        1:  151-block  1
call    3 returned 1
call    4 returned 1
branch  5 taken 1 (fallthrough)
branch  6 taken 0 (throw)
        1:  151-block  2
branch  7 taken 0 (fallthrough)
branch  8 taken 1
    %%%%%:  151-block  3
call    9 never executed
branch 10 never executed
branch 11 never executed
        1:  151-block  4
    %%%%%:  151-block  5
        1:  151-block  6
branch 12 taken 1 (fallthrough)
branch 13 taken 0
        1:  151-block  7
call   14 returned 1
    $$$$$:  151-block  8
branch 15 never executed
branch 16 never executed
    $$$$$:  151-block  9
call   17 never executed
    $$$$$:  151-block 10
       1*:  152:    assert(service.read()[2] == p3);
        1:  152-block  0
call    0 returned 1
branch  1 taken 1 (fallthrough)
branch  2 taken 0 (throw)
        1:  152-block  1
call    3 returned 1
call    4 returned 1
branch  5 taken 1 (fallthrough)
branch  6 taken 0 (throw)
        1:  152-block  2
branch  7 taken 0 (fallthrough)
branch  8 taken 1
    %%%%%:  152-block  3
call    9 never executed
branch 10 never executed
branch 11 never executed
        1:  152-block  4
    %%%%%:  152-block  5
        1:  152-block  6
branch 12 taken 1 (fallthrough)
branch 13 taken 0
        1:  152-block  7
call   14 returned 1
    $$$$$:  152-block  8
branch 15 never executed
branch 16 never executed
    $$$$$:  152-block  9
call   17 never executed
    $$$$$:  152-block 10
       1*:  153:    assert(service.read()[3] == p4);
        1:  153-block  0
call    0 returned 1
branch  1 taken 1 (fallthrough)
branch  2 taken 0 (throw)
        1:  153-block  1
call    3 returned 1
call    4 returned 1
branch  5 taken 1 (fallthrough)
branch  6 taken 0 (throw)
        1:  153-block  2
branch  7 taken 0 (fallthrough)
branch  8 taken 1
    %%%%%:  153-block  3
call    9 never executed
branch 10 never executed
branch 11 never executed
        1:  153-block  4
    %%%%%:  153-block  5
        1:  153-block  6
branch 12 taken 1 (fallthrough)
branch 13 taken 0
        1:  153-block  7
call   14 returned 1
    $$$$$:  153-block  8
branch 15 never executed
branch 16 never executed
    $$$$$:  153-block  9
call   17 never executed
    $$$$$:  153-block 10
       1*:  154:    assert(service.read()[4] == p5);
        1:  154-block  0
call    0 returned 1
branch  1 taken 1 (fallthrough)
branch  2 taken 0 (throw)
        1:  154-block  1
call    3 returned 1
call    4 returned 1
branch  5 taken 1 (fallthrough)
branch  6 taken 0 (throw)
        1:  154-block  2
branch  7 taken 0 (fallthrough)
branch  8 taken 1
    %%%%%:  154-block  3
call    9 never executed
branch 10 never executed
branch 11 never executed
        1:  154-block  4
    %%%%%:  154-block  5
        1:  154-block  6
branch 12 taken 1 (fallthrough)
branch 13 taken 0
        1:  154-block  7
call   14 returned 1
    $$$$$:  154-block  8
branch 15 never executed
branch 16 never executed
    $$$$$:  154-block  9
call   17 never executed
    $$$$$:  154-block 10
        -:  155:
        1:  156:    service.del(1);
        1:  156-block  0
call    0 returned 1
branch  1 taken 1 (fallthrough)
branch  2 taken 0 (throw)
        1:  157:    service.del(3);
        1:  157-block  0
call    0 returned 1
branch  1 taken 1 (fallthrough)
branch  2 taken 0 (throw)
        1:  158:    service.del(4);
        1:  158-block  0
call    0 returned 1
branch  1 taken 1 (fallthrough)
branch  2 taken 0 (throw)
       1*:  159:    assert(service.read().size() == 2);
        1:  159-block  0
call    0 returned 1
branch  1 taken 1 (fallthrough)
branch  2 taken 0 (throw)
        1:  159-block  1
call    3 returned 1
branch  4 taken 0 (fallthrough)
branch  5 taken 1
    %%%%%:  159-block  2
call    6 never executed
branch  7 never executed
branch  8 never executed
        1:  159-block  3
    %%%%%:  159-block  4
        1:  159-block  5
branch  9 taken 1 (fallthrough)
branch 10 taken 0
        1:  159-block  6
call   11 returned 1
    $$$$$:  159-block  7
branch 12 never executed
branch 13 never executed
    $$$$$:  159-block  8
call   14 never executed
    $$$$$:  159-block  9
        -:  160:
        1:  161:    service.update(2, Product(1, 1, "suc", 5));
        1:  161-block  0
call    0 returned 1
call    1 returned 1
branch  2 taken 1 (fallthrough)
branch  3 taken 0 (throw)
        1:  161-block  1
call    4 returned 1
branch  5 taken 1 (fallthrough)
branch  6 taken 0 (throw)
        1:  161-block  2
call    7 returned 1
branch  8 taken 1 (fallthrough)
branch  9 taken 0 (throw)
        1:  161-block  3
call   10 returned 1
call   11 returned 1
call   12 returned 1
    $$$$$:  161-block  4
call   13 never executed
    $$$$$:  161-block  5
    $$$$$:  161-block  6
call   14 never executed
    $$$$$:  161-block  7
    $$$$$:  161-block  8
call   15 never executed
    $$$$$:  161-block  9
        1:  162:    service.update(5, Product(2, 2, "apa", 3));
call    0 returned 1
call    1 returned 1
branch  2 taken 1 (fallthrough)
branch  3 taken 0 (throw)
        1:  162-block  0
call    4 returned 1
branch  5 taken 1 (fallthrough)
branch  6 taken 0 (throw)
        1:  162-block  1
call    7 returned 1
branch  8 taken 1 (fallthrough)
branch  9 taken 0 (throw)
        1:  162-block  2
call   10 returned 1
call   11 returned 1
call   12 returned 1
    $$$$$:  162-block  3
call   13 never executed
    $$$$$:  162-block  4
    $$$$$:  162-block  5
call   14 never executed
    $$$$$:  162-block  6
    $$$$$:  162-block  7
call   15 never executed
    $$$$$:  162-block  8
       1*:  163:    assert(service.read()[0] == Product(1, 1, "suc", 5));
call    0 returned 1
call    1 returned 1
branch  2 taken 1 (fallthrough)
branch  3 taken 0 (throw)
        1:  163-block  0
call    4 returned 1
branch  5 taken 1 (fallthrough)
branch  6 taken 0 (throw)
        1:  163-block  1
call    7 returned 1
branch  8 taken 1 (fallthrough)
branch  9 taken 0 (throw)
        1:  163-block  2
call   10 returned 1
call   11 returned 1
branch 12 taken 1 (fallthrough)
branch 13 taken 0 (throw)
        1:  163-block  3
branch 14 taken 0 (fallthrough)
branch 15 taken 1
    %%%%%:  163-block  4
call   16 never executed
branch 17 never executed
branch 18 never executed
        1:  163-block  5
    %%%%%:  163-block  6
        1:  163-block  7
branch 19 taken 1 (fallthrough)
branch 20 taken 0
        1:  163-block  8
call   21 returned 1
        1:  163-block  9
branch 22 taken 1 (fallthrough)
branch 23 taken 0
        1:  163-block 10
call   24 returned 1
        1:  163-block 11
branch 25 taken 1 (fallthrough)
branch 26 taken 0
        1:  163-block 12
call   27 returned 1
        1:  163-block 13
branch 28 taken 1 (fallthrough)
branch 29 taken 0
        1:  163-block 14
call   30 returned 1
    $$$$$:  163-block 15
branch 31 never executed
branch 32 never executed
    $$$$$:  163-block 16
call   33 never executed
    $$$$$:  163-block 17
    $$$$$:  163-block 18
branch 34 never executed
branch 35 never executed
    $$$$$:  163-block 19
call   36 never executed
    $$$$$:  163-block 20
    $$$$$:  163-block 21
branch 37 never executed
branch 38 never executed
    $$$$$:  163-block 22
call   39 never executed
    $$$$$:  163-block 23
    $$$$$:  163-block 24
branch 40 never executed
branch 41 never executed
    $$$$$:  163-block 25
call   42 never executed
    $$$$$:  163-block 26
       1*:  164:    assert(service.read()[1] == Product(2, 2, "apa", 3));
        1:  164-block  0
call    0 returned 1
call    1 returned 1
branch  2 taken 1 (fallthrough)
branch  3 taken 0 (throw)
        1:  164-block  1
call    4 returned 1
branch  5 taken 1 (fallthrough)
branch  6 taken 0 (throw)
        1:  164-block  2
call    7 returned 1
branch  8 taken 1 (fallthrough)
branch  9 taken 0 (throw)
        1:  164-block  3
call   10 returned 1
call   11 returned 1
branch 12 taken 1 (fallthrough)
branch 13 taken 0 (throw)
        1:  164-block  4
branch 14 taken 0 (fallthrough)
branch 15 taken 1
    %%%%%:  164-block  5
call   16 never executed
branch 17 never executed
branch 18 never executed
        1:  164-block  6
    %%%%%:  164-block  7
        1:  164-block  8
branch 19 taken 1 (fallthrough)
branch 20 taken 0
        1:  164-block  9
call   21 returned 1
        1:  164-block 10
branch 22 taken 1 (fallthrough)
branch 23 taken 0
        1:  164-block 11
call   24 returned 1
        1:  164-block 12
branch 25 taken 1 (fallthrough)
branch 26 taken 0
        1:  164-block 13
call   27 returned 1
        1:  164-block 14
branch 28 taken 1 (fallthrough)
branch 29 taken 0
        1:  164-block 15
call   30 returned 1
    $$$$$:  164-block 16
branch 31 never executed
branch 32 never executed
    $$$$$:  164-block 17
call   33 never executed
    $$$$$:  164-block 18
    $$$$$:  164-block 19
branch 34 never executed
branch 35 never executed
    $$$$$:  164-block 20
call   36 never executed
    $$$$$:  164-block 21
    $$$$$:  164-block 22
branch 37 never executed
branch 38 never executed
    $$$$$:  164-block 23
call   39 never executed
    $$$$$:  164-block 24
    $$$$$:  164-block 25
branch 40 never executed
branch 41 never executed
    $$$$$:  164-block 26
call   42 never executed
    $$$$$:  164-block 27
        1:  165:}
        1:  165-block  0
call    0 returned 1
call    1 returned 1
call    2 returned 1
call    3 returned 1
call    4 returned 1
call    5 returned 1
    $$$$$:  165-block  1
call    6 never executed
    $$$$$:  165-block  2
call    7 never executed
    $$$$$:  165-block  3
call    8 never executed
    $$$$$:  165-block  4
call    9 never executed
    $$$$$:  165-block  5
call   10 never executed
    $$$$$:  165-block  6
call   11 never executed
        -:  166:
function _ZN4Test15banknoteServiceEv called 1 returned 100% blocks executed 52%
        1:  167:void Test::banknoteService() {
        1:  168:    Repository<Banknote> repository;
        1:  168-block  0
call    0 returned 1
        1:  169:    BanknoteService service(repository);
call    0 returned 1
branch  1 taken 1 (fallthrough)
branch  2 taken 0 (throw)
        -:  170:
        1:  171:    Banknote b1(1, 100, 10);
        1:  171-block  0
call    0 returned 1
branch  1 taken 1 (fallthrough)
branch  2 taken 0 (throw)
        1:  172:    Banknote b2(2, 50, 10);
        1:  172-block  0
call    0 returned 1
branch  1 taken 1 (fallthrough)
branch  2 taken 0 (throw)
        1:  173:    Banknote b3(3, 10, 10);
        1:  173-block  0
call    0 returned 1
branch  1 taken 1 (fallthrough)
branch  2 taken 0 (throw)
        1:  174:    Banknote b4(4, 5, 10);
        1:  174-block  0
call    0 returned 1
branch  1 taken 1 (fallthrough)
branch  2 taken 0 (throw)
        1:  175:    Banknote b5(5, 1, 10);
        1:  175-block  0
call    0 returned 1
branch  1 taken 1 (fallthrough)
branch  2 taken 0 (throw)
        -:  176:
        1:  177:    service.create(b1);
        1:  177-block  0
call    0 returned 1
branch  1 taken 1 (fallthrough)
branch  2 taken 0 (throw)
        1:  177-block  1
call    3 returned 1
branch  4 taken 1 (fallthrough)
branch  5 taken 0 (throw)
        1:  177-block  2
call    6 returned 1
    $$$$$:  177-block  3
call    7 never executed
    $$$$$:  177-block  4
        1:  178:    service.create(b2);
call    0 returned 1
branch  1 taken 1 (fallthrough)
branch  2 taken 0 (throw)
        1:  178-block  0
call    3 returned 1
branch  4 taken 1 (fallthrough)
branch  5 taken 0 (throw)
        1:  178-block  1
call    6 returned 1
    $$$$$:  178-block  2
call    7 never executed
    $$$$$:  178-block  3
        1:  179:    service.create(b3);
call    0 returned 1
branch  1 taken 1 (fallthrough)
branch  2 taken 0 (throw)
        1:  179-block  0
call    3 returned 1
branch  4 taken 1 (fallthrough)
branch  5 taken 0 (throw)
        1:  179-block  1
call    6 returned 1
    $$$$$:  179-block  2
call    7 never executed
    $$$$$:  179-block  3
        1:  180:    service.create(b4);
call    0 returned 1
branch  1 taken 1 (fallthrough)
branch  2 taken 0 (throw)
        1:  180-block  0
call    3 returned 1
branch  4 taken 1 (fallthrough)
branch  5 taken 0 (throw)
        1:  180-block  1
call    6 returned 1
    $$$$$:  180-block  2
call    7 never executed
    $$$$$:  180-block  3
        1:  181:    service.create(b5);
call    0 returned 1
branch  1 taken 1 (fallthrough)
branch  2 taken 0 (throw)
        1:  181-block  0
call    3 returned 1
branch  4 taken 1 (fallthrough)
branch  5 taken 0 (throw)
        1:  181-block  1
call    6 returned 1
    $$$$$:  181-block  2
call    7 never executed
    $$$$$:  181-block  3
       1*:  182:    assert(service.read()[0] == b1);
call    0 returned 1
branch  1 taken 1 (fallthrough)
branch  2 taken 0 (throw)
        1:  182-block  0
call    3 returned 1
call    4 returned 1
branch  5 taken 1 (fallthrough)
branch  6 taken 0 (throw)
        1:  182-block  1
branch  7 taken 0 (fallthrough)
branch  8 taken 1
    %%%%%:  182-block  2
call    9 never executed
branch 10 never executed
branch 11 never executed
        1:  182-block  3
    %%%%%:  182-block  4
        1:  182-block  5
branch 12 taken 1 (fallthrough)
branch 13 taken 0
        1:  182-block  6
call   14 returned 1
    $$$$$:  182-block  7
branch 15 never executed
branch 16 never executed
    $$$$$:  182-block  8
call   17 never executed
    $$$$$:  182-block  9
       1*:  183:    assert(service.read()[1] == b2);
        1:  183-block  0
call    0 returned 1
branch  1 taken 1 (fallthrough)
branch  2 taken 0 (throw)
        1:  183-block  1
call    3 returned 1
call    4 returned 1
branch  5 taken 1 (fallthrough)
branch  6 taken 0 (throw)
        1:  183-block  2
branch  7 taken 0 (fallthrough)
branch  8 taken 1
    %%%%%:  183-block  3
call    9 never executed
branch 10 never executed
branch 11 never executed
        1:  183-block  4
    %%%%%:  183-block  5
        1:  183-block  6
branch 12 taken 1 (fallthrough)
branch 13 taken 0
        1:  183-block  7
call   14 returned 1
    $$$$$:  183-block  8
branch 15 never executed
branch 16 never executed
    $$$$$:  183-block  9
call   17 never executed
    $$$$$:  183-block 10
       1*:  184:    assert(service.read()[2] == b3);
        1:  184-block  0
call    0 returned 1
branch  1 taken 1 (fallthrough)
branch  2 taken 0 (throw)
        1:  184-block  1
call    3 returned 1
call    4 returned 1
branch  5 taken 1 (fallthrough)
branch  6 taken 0 (throw)
        1:  184-block  2
branch  7 taken 0 (fallthrough)
branch  8 taken 1
    %%%%%:  184-block  3
call    9 never executed
branch 10 never executed
branch 11 never executed
        1:  184-block  4
    %%%%%:  184-block  5
        1:  184-block  6
branch 12 taken 1 (fallthrough)
branch 13 taken 0
        1:  184-block  7
call   14 returned 1
    $$$$$:  184-block  8
branch 15 never executed
branch 16 never executed
    $$$$$:  184-block  9
call   17 never executed
    $$$$$:  184-block 10
       1*:  185:    assert(service.read()[3] == b4);
        1:  185-block  0
call    0 returned 1
branch  1 taken 1 (fallthrough)
branch  2 taken 0 (throw)
        1:  185-block  1
call    3 returned 1
call    4 returned 1
branch  5 taken 1 (fallthrough)
branch  6 taken 0 (throw)
        1:  185-block  2
branch  7 taken 0 (fallthrough)
branch  8 taken 1
    %%%%%:  185-block  3
call    9 never executed
branch 10 never executed
branch 11 never executed
        1:  185-block  4
    %%%%%:  185-block  5
        1:  185-block  6
branch 12 taken 1 (fallthrough)
branch 13 taken 0
        1:  185-block  7
call   14 returned 1
    $$$$$:  185-block  8
branch 15 never executed
branch 16 never executed
    $$$$$:  185-block  9
call   17 never executed
    $$$$$:  185-block 10
       1*:  186:    assert(service.read()[4] == b5);
        1:  186-block  0
call    0 returned 1
branch  1 taken 1 (fallthrough)
branch  2 taken 0 (throw)
        1:  186-block  1
call    3 returned 1
call    4 returned 1
branch  5 taken 1 (fallthrough)
branch  6 taken 0 (throw)
        1:  186-block  2
branch  7 taken 0 (fallthrough)
branch  8 taken 1
    %%%%%:  186-block  3
call    9 never executed
branch 10 never executed
branch 11 never executed
        1:  186-block  4
    %%%%%:  186-block  5
        1:  186-block  6
branch 12 taken 1 (fallthrough)
branch 13 taken 0
        1:  186-block  7
call   14 returned 1
    $$$$$:  186-block  8
branch 15 never executed
branch 16 never executed
    $$$$$:  186-block  9
call   17 never executed
    $$$$$:  186-block 10
        -:  187:
        1:  188:    service.del(1);
        1:  188-block  0
call    0 returned 1
branch  1 taken 1 (fallthrough)
branch  2 taken 0 (throw)
        1:  189:    service.del(3);
        1:  189-block  0
call    0 returned 1
branch  1 taken 1 (fallthrough)
branch  2 taken 0 (throw)
        1:  190:    service.del(4);
        1:  190-block  0
call    0 returned 1
branch  1 taken 1 (fallthrough)
branch  2 taken 0 (throw)
       1*:  191:    assert(service.read().size() == 2);
        1:  191-block  0
call    0 returned 1
branch  1 taken 1 (fallthrough)
branch  2 taken 0 (throw)
        1:  191-block  1
call    3 returned 1
branch  4 taken 0 (fallthrough)
branch  5 taken 1
    %%%%%:  191-block  2
call    6 never executed
branch  7 never executed
branch  8 never executed
        1:  191-block  3
    %%%%%:  191-block  4
        1:  191-block  5
branch  9 taken 1 (fallthrough)
branch 10 taken 0
        1:  191-block  6
call   11 returned 1
    $$$$$:  191-block  7
branch 12 never executed
branch 13 never executed
    $$$$$:  191-block  8
call   14 never executed
    $$$$$:  191-block  9
        -:  192:
        1:  193:    service.update(2, Banknote(2, 50, 20));
        1:  193-block  0
call    0 returned 1
branch  1 taken 1 (fallthrough)
branch  2 taken 0 (throw)
        1:  193-block  1
call    3 returned 1
branch  4 taken 1 (fallthrough)
branch  5 taken 0 (throw)
        1:  193-block  2
call    6 returned 1
    $$$$$:  193-block  3
call    7 never executed
    $$$$$:  193-block  4
        1:  194:    service.update(5, Banknote(5, 1, 20));
call    0 returned 1
branch  1 taken 1 (fallthrough)
branch  2 taken 0 (throw)
        1:  194-block  0
call    3 returned 1
branch  4 taken 1 (fallthrough)
branch  5 taken 0 (throw)
        1:  194-block  1
call    6 returned 1
    $$$$$:  194-block  2
call    7 never executed
    $$$$$:  194-block  3
       1*:  195:    assert(service.read()[0] == Banknote(2, 50, 20));
call    0 returned 1
branch  1 taken 1 (fallthrough)
branch  2 taken 0 (throw)
        1:  195-block  0
call    3 returned 1
branch  4 taken 1 (fallthrough)
branch  5 taken 0 (throw)
        1:  195-block  1
call    6 returned 1
call    7 returned 1
branch  8 taken 1 (fallthrough)
branch  9 taken 0 (throw)
        1:  195-block  2
branch 10 taken 0 (fallthrough)
branch 11 taken 1
    %%%%%:  195-block  3
call   12 never executed
branch 13 never executed
branch 14 never executed
        1:  195-block  4
    %%%%%:  195-block  5
        1:  195-block  6
branch 15 taken 1 (fallthrough)
branch 16 taken 0
        1:  195-block  7
call   17 returned 1
        1:  195-block  8
branch 18 taken 1 (fallthrough)
branch 19 taken 0
        1:  195-block  9
call   20 returned 1
    $$$$$:  195-block 10
branch 21 never executed
branch 22 never executed
    $$$$$:  195-block 11
call   23 never executed
    $$$$$:  195-block 12
    $$$$$:  195-block 13
branch 24 never executed
branch 25 never executed
    $$$$$:  195-block 14
call   26 never executed
    $$$$$:  195-block 15
       1*:  196:    assert(service.read()[1] == Banknote(5, 1, 20));
        1:  196-block  0
call    0 returned 1
branch  1 taken 1 (fallthrough)
branch  2 taken 0 (throw)
        1:  196-block  1
call    3 returned 1
branch  4 taken 1 (fallthrough)
branch  5 taken 0 (throw)
        1:  196-block  2
call    6 returned 1
call    7 returned 1
branch  8 taken 1 (fallthrough)
branch  9 taken 0 (throw)
        1:  196-block  3
branch 10 taken 0 (fallthrough)
branch 11 taken 1
    %%%%%:  196-block  4
call   12 never executed
branch 13 never executed
branch 14 never executed
        1:  196-block  5
    %%%%%:  196-block  6
        1:  196-block  7
branch 15 taken 1 (fallthrough)
branch 16 taken 0
        1:  196-block  8
call   17 returned 1
        1:  196-block  9
branch 18 taken 1 (fallthrough)
branch 19 taken 0
        1:  196-block 10
call   20 returned 1
    $$$$$:  196-block 11
branch 21 never executed
branch 22 never executed
    $$$$$:  196-block 12
call   23 never executed
    $$$$$:  196-block 13
    $$$$$:  196-block 14
branch 24 never executed
branch 25 never executed
    $$$$$:  196-block 15
call   26 never executed
    $$$$$:  196-block 16
        -:  197:
        1:  198:    service.del(2);
        1:  198-block  0
call    0 returned 1
branch  1 taken 1 (fallthrough)
branch  2 taken 0 (throw)
        1:  199:    service.del(5);
        1:  199-block  0
call    0 returned 1
branch  1 taken 1 (fallthrough)
branch  2 taken 0 (throw)
       1*:  200:    assert(service.read().empty());
        1:  200-block  0
call    0 returned 1
branch  1 taken 1 (fallthrough)
branch  2 taken 0 (throw)
        1:  200-block  1
call    3 returned 1
branch  4 taken 0 (fallthrough)
branch  5 taken 1
    %%%%%:  200-block  2
call    6 never executed
branch  7 never executed
branch  8 never executed
        1:  200-block  3
    %%%%%:  200-block  4
        1:  200-block  5
branch  9 taken 1 (fallthrough)
branch 10 taken 0
        1:  200-block  6
call   11 returned 1
    $$$$$:  200-block  7
branch 12 never executed
branch 13 never executed
    $$$$$:  200-block  8
call   14 never executed
    $$$$$:  200-block  9
        -:  201:
        1:  202:    service.create(b1);
        1:  202-block  0
call    0 returned 1
branch  1 taken 1 (fallthrough)
branch  2 taken 0 (throw)
        1:  202-block  1
call    3 returned 1
branch  4 taken 1 (fallthrough)
branch  5 taken 0 (throw)
        1:  202-block  2
call    6 returned 1
    $$$$$:  202-block  3
call    7 never executed
    $$$$$:  202-block  4
        1:  203:    service.create(b2);
call    0 returned 1
branch  1 taken 1 (fallthrough)
branch  2 taken 0 (throw)
        1:  203-block  0
call    3 returned 1
branch  4 taken 1 (fallthrough)
branch  5 taken 0 (throw)
        1:  203-block  1
call    6 returned 1
    $$$$$:  203-block  2
call    7 never executed
    $$$$$:  203-block  3
        1:  204:    service.create(b3);
call    0 returned 1
branch  1 taken 1 (fallthrough)
branch  2 taken 0 (throw)
        1:  204-block  0
call    3 returned 1
branch  4 taken 1 (fallthrough)
branch  5 taken 0 (throw)
        1:  204-block  1
call    6 returned 1
    $$$$$:  204-block  2
call    7 never executed
    $$$$$:  204-block  3
        1:  205:    service.create(b4);
call    0 returned 1
branch  1 taken 1 (fallthrough)
branch  2 taken 0 (throw)
        1:  205-block  0
call    3 returned 1
branch  4 taken 1 (fallthrough)
branch  5 taken 0 (throw)
        1:  205-block  1
call    6 returned 1
    $$$$$:  205-block  2
call    7 never executed
    $$$$$:  205-block  3
        1:  206:    service.create(b5);
call    0 returned 1
branch  1 taken 1 (fallthrough)
branch  2 taken 0 (throw)
        1:  206-block  0
call    3 returned 1
branch  4 taken 1 (fallthrough)
branch  5 taken 0 (throw)
        1:  206-block  1
call    6 returned 1
    $$$$$:  206-block  2
call    7 never executed
    $$$$$:  206-block  3
       1*:  207:    assert(service.read()[0] == b1);
call    0 returned 1
branch  1 taken 1 (fallthrough)
branch  2 taken 0 (throw)
        1:  207-block  0
call    3 returned 1
call    4 returned 1
branch  5 taken 1 (fallthrough)
branch  6 taken 0 (throw)
        1:  207-block  1
branch  7 taken 0 (fallthrough)
branch  8 taken 1
    %%%%%:  207-block  2
call    9 never executed
branch 10 never executed
branch 11 never executed
        1:  207-block  3
    %%%%%:  207-block  4
        1:  207-block  5
branch 12 taken 1 (fallthrough)
branch 13 taken 0
        1:  207-block  6
call   14 returned 1
    $$$$$:  207-block  7
branch 15 never executed
branch 16 never executed
    $$$$$:  207-block  8
call   17 never executed
    $$$$$:  207-block  9
       1*:  208:    assert(service.read()[1] == b2);
        1:  208-block  0
call    0 returned 1
branch  1 taken 1 (fallthrough)
branch  2 taken 0 (throw)
        1:  208-block  1
call    3 returned 1
call    4 returned 1
branch  5 taken 1 (fallthrough)
branch  6 taken 0 (throw)
        1:  208-block  2
branch  7 taken 0 (fallthrough)
branch  8 taken 1
    %%%%%:  208-block  3
call    9 never executed
branch 10 never executed
branch 11 never executed
        1:  208-block  4
    %%%%%:  208-block  5
        1:  208-block  6
branch 12 taken 1 (fallthrough)
branch 13 taken 0
        1:  208-block  7
call   14 returned 1
    $$$$$:  208-block  8
branch 15 never executed
branch 16 never executed
    $$$$$:  208-block  9
call   17 never executed
    $$$$$:  208-block 10
       1*:  209:    assert(service.read()[2] == b3);
        1:  209-block  0
call    0 returned 1
branch  1 taken 1 (fallthrough)
branch  2 taken 0 (throw)
        1:  209-block  1
call    3 returned 1
call    4 returned 1
branch  5 taken 1 (fallthrough)
branch  6 taken 0 (throw)
        1:  209-block  2
branch  7 taken 0 (fallthrough)
branch  8 taken 1
    %%%%%:  209-block  3
call    9 never executed
branch 10 never executed
branch 11 never executed
        1:  209-block  4
    %%%%%:  209-block  5
        1:  209-block  6
branch 12 taken 1 (fallthrough)
branch 13 taken 0
        1:  209-block  7
call   14 returned 1
    $$$$$:  209-block  8
branch 15 never executed
branch 16 never executed
    $$$$$:  209-block  9
call   17 never executed
    $$$$$:  209-block 10
       1*:  210:    assert(service.read()[3] == b4);
        1:  210-block  0
call    0 returned 1
branch  1 taken 1 (fallthrough)
branch  2 taken 0 (throw)
        1:  210-block  1
call    3 returned 1
call    4 returned 1
branch  5 taken 1 (fallthrough)
branch  6 taken 0 (throw)
        1:  210-block  2
branch  7 taken 0 (fallthrough)
branch  8 taken 1
    %%%%%:  210-block  3
call    9 never executed
branch 10 never executed
branch 11 never executed
        1:  210-block  4
    %%%%%:  210-block  5
        1:  210-block  6
branch 12 taken 1 (fallthrough)
branch 13 taken 0
        1:  210-block  7
call   14 returned 1
    $$$$$:  210-block  8
branch 15 never executed
branch 16 never executed
    $$$$$:  210-block  9
call   17 never executed
    $$$$$:  210-block 10
       1*:  211:    assert(service.read()[4] == b5);
        1:  211-block  0
call    0 returned 1
branch  1 taken 1 (fallthrough)
branch  2 taken 0 (throw)
        1:  211-block  1
call    3 returned 1
call    4 returned 1
branch  5 taken 1 (fallthrough)
branch  6 taken 0 (throw)
        1:  211-block  2
branch  7 taken 0 (fallthrough)
branch  8 taken 1
    %%%%%:  211-block  3
call    9 never executed
branch 10 never executed
branch 11 never executed
        1:  211-block  4
    %%%%%:  211-block  5
        1:  211-block  6
branch 12 taken 1 (fallthrough)
branch 13 taken 0
        1:  211-block  7
call   14 returned 1
    $$$$$:  211-block  8
branch 15 never executed
branch 16 never executed
    $$$$$:  211-block  9
call   17 never executed
    $$$$$:  211-block 10
        -:  212:
        1:  213:    std::vector<Banknote> result = service.change(23, 100);
        1:  213-block  0
call    0 returned 1
branch  1 taken 1 (fallthrough)
branch  2 taken 0 (throw)
       1*:  214:    assert(result[0] == Banknote(1, 100, 0));
        1:  214-block  0
call    0 returned 1
branch  1 taken 1 (fallthrough)
branch  2 taken 0 (throw)
        1:  214-block  1
call    3 returned 1
call    4 returned 1
branch  5 taken 1 (fallthrough)
branch  6 taken 0 (throw)
        1:  214-block  2
branch  7 taken 0 (fallthrough)
branch  8 taken 1
    %%%%%:  214-block  3
call    9 never executed
branch 10 never executed
branch 11 never executed
        1:  214-block  4
    %%%%%:  214-block  5
        1:  214-block  6
branch 12 taken 1 (fallthrough)
branch 13 taken 0
        1:  214-block  7
call   14 returned 1
    $$$$$:  214-block  8
branch 15 never executed
branch 16 never executed
    $$$$$:  214-block  9
call   17 never executed
    $$$$$:  214-block 10
       1*:  215:    assert(result[1] == Banknote(2, 50, 1));
        1:  215-block  0
call    0 returned 1
branch  1 taken 1 (fallthrough)
branch  2 taken 0 (throw)
        1:  215-block  1
call    3 returned 1
call    4 returned 1
branch  5 taken 1 (fallthrough)
branch  6 taken 0 (throw)
        1:  215-block  2
branch  7 taken 0 (fallthrough)
branch  8 taken 1
    %%%%%:  215-block  3
call    9 never executed
branch 10 never executed
branch 11 never executed
        1:  215-block  4
    %%%%%:  215-block  5
        1:  215-block  6
branch 12 taken 1 (fallthrough)
branch 13 taken 0
        1:  215-block  7
call   14 returned 1
    $$$$$:  215-block  8
branch 15 never executed
branch 16 never executed
    $$$$$:  215-block  9
call   17 never executed
    $$$$$:  215-block 10
       1*:  216:    assert(result[2] == Banknote(3, 10, 2));
        1:  216-block  0
call    0 returned 1
branch  1 taken 1 (fallthrough)
branch  2 taken 0 (throw)
        1:  216-block  1
call    3 returned 1
call    4 returned 1
branch  5 taken 1 (fallthrough)
branch  6 taken 0 (throw)
        1:  216-block  2
branch  7 taken 0 (fallthrough)
branch  8 taken 1
    %%%%%:  216-block  3
call    9 never executed
branch 10 never executed
branch 11 never executed
        1:  216-block  4
    %%%%%:  216-block  5
        1:  216-block  6
branch 12 taken 1 (fallthrough)
branch 13 taken 0
        1:  216-block  7
call   14 returned 1
    $$$$$:  216-block  8
branch 15 never executed
branch 16 never executed
    $$$$$:  216-block  9
call   17 never executed
    $$$$$:  216-block 10
       1*:  217:    assert(result[3] == Banknote(4, 5, 1));
        1:  217-block  0
call    0 returned 1
branch  1 taken 1 (fallthrough)
branch  2 taken 0 (throw)
        1:  217-block  1
call    3 returned 1
call    4 returned 1
branch  5 taken 1 (fallthrough)
branch  6 taken 0 (throw)
        1:  217-block  2
branch  7 taken 0 (fallthrough)
branch  8 taken 1
    %%%%%:  217-block  3
call    9 never executed
branch 10 never executed
branch 11 never executed
        1:  217-block  4
    %%%%%:  217-block  5
        1:  217-block  6
branch 12 taken 1 (fallthrough)
branch 13 taken 0
        1:  217-block  7
call   14 returned 1
    $$$$$:  217-block  8
branch 15 never executed
branch 16 never executed
    $$$$$:  217-block  9
call   17 never executed
    $$$$$:  217-block 10
       1*:  218:    assert(result[4] == Banknote(5, 1, 2));
        1:  218-block  0
call    0 returned 1
branch  1 taken 1 (fallthrough)
branch  2 taken 0 (throw)
        1:  218-block  1
call    3 returned 1
call    4 returned 1
branch  5 taken 1 (fallthrough)
branch  6 taken 0 (throw)
        1:  218-block  2
branch  7 taken 0 (fallthrough)
branch  8 taken 1
    %%%%%:  218-block  3
call    9 never executed
branch 10 never executed
branch 11 never executed
        1:  218-block  4
    %%%%%:  218-block  5
        1:  218-block  6
branch 12 taken 1 (fallthrough)
branch 13 taken 0
        1:  218-block  7
call   14 returned 1
    $$$$$:  218-block  8
branch 15 never executed
branch 16 never executed
    $$$$$:  218-block  9
call   17 never executed
    $$$$$:  218-block 10
        -:  219:
       1*:  220:    assert(service.read()[0] == Banknote(1, 100, 10));
        1:  220-block  0
call    0 returned 1
branch  1 taken 1 (fallthrough)
branch  2 taken 0 (throw)
        1:  220-block  1
call    3 returned 1
branch  4 taken 1 (fallthrough)
branch  5 taken 0 (throw)
        1:  220-block  2
call    6 returned 1
call    7 returned 1
branch  8 taken 1 (fallthrough)
branch  9 taken 0 (throw)
        1:  220-block  3
branch 10 taken 0 (fallthrough)
branch 11 taken 1
    %%%%%:  220-block  4
call   12 never executed
branch 13 never executed
branch 14 never executed
        1:  220-block  5
    %%%%%:  220-block  6
        1:  220-block  7
branch 15 taken 1 (fallthrough)
branch 16 taken 0
        1:  220-block  8
call   17 returned 1
        1:  220-block  9
branch 18 taken 1 (fallthrough)
branch 19 taken 0
        1:  220-block 10
call   20 returned 1
    $$$$$:  220-block 11
branch 21 never executed
branch 22 never executed
    $$$$$:  220-block 12
call   23 never executed
    $$$$$:  220-block 13
    $$$$$:  220-block 14
branch 24 never executed
branch 25 never executed
    $$$$$:  220-block 15
call   26 never executed
    $$$$$:  220-block 16
       1*:  221:    assert(service.read()[1] == Banknote(2, 50, 9));
        1:  221-block  0
call    0 returned 1
branch  1 taken 1 (fallthrough)
branch  2 taken 0 (throw)
        1:  221-block  1
call    3 returned 1
branch  4 taken 1 (fallthrough)
branch  5 taken 0 (throw)
        1:  221-block  2
call    6 returned 1
call    7 returned 1
branch  8 taken 1 (fallthrough)
branch  9 taken 0 (throw)
        1:  221-block  3
branch 10 taken 0 (fallthrough)
branch 11 taken 1
    %%%%%:  221-block  4
call   12 never executed
branch 13 never executed
branch 14 never executed
        1:  221-block  5
    %%%%%:  221-block  6
        1:  221-block  7
branch 15 taken 1 (fallthrough)
branch 16 taken 0
        1:  221-block  8
call   17 returned 1
        1:  221-block  9
branch 18 taken 1 (fallthrough)
branch 19 taken 0
        1:  221-block 10
call   20 returned 1
    $$$$$:  221-block 11
branch 21 never executed
branch 22 never executed
    $$$$$:  221-block 12
call   23 never executed
    $$$$$:  221-block 13
    $$$$$:  221-block 14
branch 24 never executed
branch 25 never executed
    $$$$$:  221-block 15
call   26 never executed
    $$$$$:  221-block 16
       1*:  222:    assert(service.read()[2] == Banknote(3, 10, 8));
        1:  222-block  0
call    0 returned 1
branch  1 taken 1 (fallthrough)
branch  2 taken 0 (throw)
        1:  222-block  1
call    3 returned 1
branch  4 taken 1 (fallthrough)
branch  5 taken 0 (throw)
        1:  222-block  2
call    6 returned 1
call    7 returned 1
branch  8 taken 1 (fallthrough)
branch  9 taken 0 (throw)
        1:  222-block  3
branch 10 taken 0 (fallthrough)
branch 11 taken 1
    %%%%%:  222-block  4
call   12 never executed
branch 13 never executed
branch 14 never executed
        1:  222-block  5
    %%%%%:  222-block  6
        1:  222-block  7
branch 15 taken 1 (fallthrough)
branch 16 taken 0
        1:  222-block  8
call   17 returned 1
        1:  222-block  9
branch 18 taken 1 (fallthrough)
branch 19 taken 0
        1:  222-block 10
call   20 returned 1
    $$$$$:  222-block 11
branch 21 never executed
branch 22 never executed
    $$$$$:  222-block 12
call   23 never executed
    $$$$$:  222-block 13
    $$$$$:  222-block 14
branch 24 never executed
branch 25 never executed
    $$$$$:  222-block 15
call   26 never executed
    $$$$$:  222-block 16
       1*:  223:    assert(service.read()[3] == Banknote(4, 5, 9));
        1:  223-block  0
call    0 returned 1
branch  1 taken 1 (fallthrough)
branch  2 taken 0 (throw)
        1:  223-block  1
call    3 returned 1
branch  4 taken 1 (fallthrough)
branch  5 taken 0 (throw)
        1:  223-block  2
call    6 returned 1
call    7 returned 1
branch  8 taken 1 (fallthrough)
branch  9 taken 0 (throw)
        1:  223-block  3
branch 10 taken 0 (fallthrough)
branch 11 taken 1
    %%%%%:  223-block  4
call   12 never executed
branch 13 never executed
branch 14 never executed
        1:  223-block  5
    %%%%%:  223-block  6
        1:  223-block  7
branch 15 taken 1 (fallthrough)
branch 16 taken 0
        1:  223-block  8
call   17 returned 1
        1:  223-block  9
branch 18 taken 1 (fallthrough)
branch 19 taken 0
        1:  223-block 10
call   20 returned 1
    $$$$$:  223-block 11
branch 21 never executed
branch 22 never executed
    $$$$$:  223-block 12
call   23 never executed
    $$$$$:  223-block 13
    $$$$$:  223-block 14
branch 24 never executed
branch 25 never executed
    $$$$$:  223-block 15
call   26 never executed
    $$$$$:  223-block 16
       1*:  224:    assert(service.read()[4] == Banknote(5, 1, 8));
        1:  224-block  0
call    0 returned 1
branch  1 taken 1 (fallthrough)
branch  2 taken 0 (throw)
        1:  224-block  1
call    3 returned 1
branch  4 taken 1 (fallthrough)
branch  5 taken 0 (throw)
        1:  224-block  2
call    6 returned 1
call    7 returned 1
branch  8 taken 1 (fallthrough)
branch  9 taken 0 (throw)
        1:  224-block  3
branch 10 taken 0 (fallthrough)
branch 11 taken 1
    %%%%%:  224-block  4
call   12 never executed
branch 13 never executed
branch 14 never executed
        1:  224-block  5
    %%%%%:  224-block  6
        1:  224-block  7
branch 15 taken 1 (fallthrough)
branch 16 taken 0
        1:  224-block  8
call   17 returned 1
        1:  224-block  9
branch 18 taken 1 (fallthrough)
branch 19 taken 0
        1:  224-block 10
call   20 returned 1
    $$$$$:  224-block 11
branch 21 never executed
branch 22 never executed
    $$$$$:  224-block 12
call   23 never executed
    $$$$$:  224-block 13
    $$$$$:  224-block 14
branch 24 never executed
branch 25 never executed
    $$$$$:  224-block 15
call   26 never executed
    $$$$$:  224-block 16
        1:  225:}
        1:  225-block  0
call    0 returned 1
call    1 returned 1
call    2 returned 1
call    3 returned 1
call    4 returned 1
call    5 returned 1
call    6 returned 1
    $$$$$:  225-block  1
call    7 never executed
    $$$$$:  225-block  2
call    8 never executed
    $$$$$:  225-block  3
call    9 never executed
    $$$$$:  225-block  4
call   10 never executed
    $$$$$:  225-block  5
call   11 never executed
    $$$$$:  225-block  6
call   12 never executed
    $$$$$:  225-block  7
call   13 never executed
        -:  226:
function _ZN4Test3allEv called 1 returned 100% blocks executed 100%
        1:  227:void Test::all() {
        1:  228:    productDomain();
        1:  228-block  0
call    0 returned 1
        1:  229:    banknoteDomain();
call    0 returned 1
        1:  230:    repository();
call    0 returned 1
        1:  231:    repositoryInFile();
call    0 returned 1
        1:  232:    productService();
call    0 returned 1
        1:  233:    banknoteService();
call    0 returned 1
        1:  234:}
