        -:    0:Source:C:/Users/Tudor/Desktop/Laboratoare/lab-910-tudorsuiu/Repository/RepositoryInFile.h
        -:    0:Graph:C:\Users\Tudor\Desktop\Laboratoare\lab-910-tudorsuiu\cmake-build-debug-coverage\CMakeFiles\lab_910_tudorsuiu.dir\Tests\Test.cpp.gcno
        -:    0:Data:C:\Users\Tudor\Desktop\Laboratoare\lab-910-tudorsuiu\cmake-build-debug-coverage\CMakeFiles\lab_910_tudorsuiu.dir\Tests\Test.cpp.gcda
        -:    0:Runs:1
        -:    1://
        -:    2:// Created by Tudor on 4/24/2022.
        -:    3://
        -:    4:
        -:    5:#ifndef LAB_910_TUDORSUIU_REPOSITORYINFILE_H
        -:    6:#define LAB_910_TUDORSUIU_REPOSITORYINFILE_H
        -:    7:
        -:    8:
        -:    9:#include <fstream>
        -:   10:#include <vector>
        -:   11:#include "IRepository.h"
        -:   12:
        -:   13:template<class T> class RepositoryInFile : public IRepository<T> {
        -:   14:private:
        -:   15:    std::vector<T> elements;
        -:   16:    std::string fileName;
        -:   17:public:
        -:   18:    /**
        -:   19:     * Read from file
        -:   20:     * @param name: string - file name
        -:   21:     */
function _ZN16RepositoryInFileI7ProductEC1ENSt7__cxx1112basic_stringIcSt11char_traitsIcESaIcEEE called 0 returned 0% blocks executed 0%
    #####:   22:    RepositoryInFile(std::string name) {
    %%%%%:   22-block  0
call    0 never executed
call    1 never executed
call    2 never executed
    #####:   23:        this->fileName = name;
call    0 never executed
branch  1 never executed
branch  2 never executed
    #####:   24:        this->loadFromFile();
    %%%%%:   24-block  0
call    0 never executed
branch  1 never executed
branch  2 never executed
    #####:   25:    }
    %%%%%:   25-block  0
    $$$$$:   25-block  1
call    0 never executed
    $$$$$:   25-block  2
call    1 never executed
        -:   26:
        -:   27:    /**
        -:   28:     * Destructor
        -:   29:     */
function _ZN16RepositoryInFileI7ProductED1Ev called 0 returned 0% blocks executed 0%
    #####:   30:    ~RepositoryInFile() = default;
    %%%%%:   30-block  0
call    0 never executed
call    1 never executed
        -:   31:
        -:   32:    /**
        -:   33:     * Add entity to file
        -:   34:     * @param entity: T class object
        -:   35:     */
function _ZN16RepositoryInFileI7ProductE9addEntityES0_ called 0 returned 0% blocks executed 0%
    #####:   36:    void addEntity(T entity) override {
    #####:   37:        this->elements.push_back(entity);
    %%%%%:   37-block  0
call    0 never executed
    #####:   38:        this->saveToFile();
call    0 never executed
    #####:   39:    }
        -:   40:
        -:   41:    /**
        -:   42:     * Get all entities from file
        -:   43:     * @return: Vector<class T> - all entities stored in file
        -:   44:     */
function _ZN16RepositoryInFileI7ProductE6getAllEv called 0 returned 0% blocks executed 0%
    #####:   45:    std::vector<T> getAll() override {
    #####:   46:        return this->elements;
    %%%%%:   46-block  0
call    0 never executed
        -:   47:    }
        -:   48:
        -:   49:    /**
        -:   50:     * Update an entity from file
        -:   51:     * @param index: unsigned int - entity index
        -:   52:     * @param newEntity: T class object - updated entity
        -:   53:     */
function _ZN16RepositoryInFileI7ProductE12updateEntityEjS0_ called 0 returned 0% blocks executed 0%
    #####:   54:    void updateEntity(unsigned int index, T newEntity) override {
    #####:   55:        for(int i = 0; i < elements.size(); i++) {
    %%%%%:   55-block  0
    %%%%%:   55-block  1
    %%%%%:   55-block  2
call    0 never executed
branch  1 never executed
branch  2 never executed
    #####:   56:            if(elements[i].getIndex() == index) {
    %%%%%:   56-block  0
call    0 never executed
call    1 never executed
branch  2 never executed
branch  3 never executed
    #####:   57:                elements[i] = newEntity;
    %%%%%:   57-block  0
call    0 never executed
call    1 never executed
        -:   58:            }
        -:   59:        }
    #####:   60:        this->saveToFile();
    %%%%%:   60-block  0
call    0 never executed
    #####:   61:    }
        -:   62:
        -:   63:    /**
        -:   64:     * Delete an entity from file
        -:   65:     * @param code: unsigned int - entity code
        -:   66:     */
function _ZN16RepositoryInFileI7ProductE12deleteEntityEj called 0 returned 0% blocks executed 0%
    #####:   67:    void deleteEntity(unsigned int index) override {
        -:   68:        int position;
    #####:   69:        for(int i = 0; i < elements.size(); i++) {
    %%%%%:   69-block  0
    %%%%%:   69-block  1
    %%%%%:   69-block  2
call    0 never executed
branch  1 never executed
branch  2 never executed
    #####:   70:            if(elements[i].getIndex() == index) {
    %%%%%:   70-block  0
call    0 never executed
call    1 never executed
branch  2 never executed
branch  3 never executed
    #####:   71:                position = i;
    %%%%%:   71-block  0
        -:   72:            }
        -:   73:        }
    #####:   74:        elements.erase(elements.begin() + position);
    %%%%%:   74-block  0
call    0 never executed
call    1 never executed
call    2 never executed
call    3 never executed
branch  4 never executed
branch  5 never executed
    $$$$$:   74-block  1
    $$$$$:   74-block  2
    #####:   75:        this->saveToFile();
    %%%%%:   75-block  0
call    0 never executed
    #####:   76:    }
        -:   77:
        -:   78:    /**
        -:   79:     * Get position by object index
        -:   80:     * @param index: unsigned int - object index
        -:   81:     * @return: int - object position
        -:   82:     */
function _ZN16RepositoryInFileI7ProductE13getPosByIndexEj called 0 returned 0% blocks executed 0%
    #####:   83:    int getPosByIndex(unsigned int index) override {
    #####:   84:        for(int i = 0; i < elements.size(); i++) {
    %%%%%:   84-block  0
    %%%%%:   84-block  1
    %%%%%:   84-block  2
call    0 never executed
branch  1 never executed
branch  2 never executed
    #####:   85:            if(elements[i].getIndex() == index) {
    %%%%%:   85-block  0
call    0 never executed
call    1 never executed
branch  2 never executed
branch  3 never executed
    #####:   86:                return i;
    %%%%%:   86-block  0
        -:   87:            }
        -:   88:        }
    #####:   89:        return -1;
    %%%%%:   89-block  0
        -:   90:    }
        -:   91:
        -:   92:    /**
        -:   93:     * Saves the elements from vector "elements" in file
        -:   94:     */
function _ZN16RepositoryInFileI7ProductE10saveToFileEv called 0 returned 0% blocks executed 0%
    #####:   95:    void saveToFile()
        -:   96:    {
    #####:   97:        std::ofstream f(this->fileName);
    %%%%%:   97-block  0
call    0 never executed
branch  1 never executed
branch  2 never executed
    #####:   98:        for(T object : this->elements) {
    %%%%%:   98-block  0
call    0 never executed
call    1 never executed
    %%%%%:   98-block  1
call    2 never executed
call    3 never executed
branch  4 never executed
branch  5 never executed
call    6 never executed
    %%%%%:   98-block  2
call    7 never executed
branch  8 never executed
branch  9 never executed
    $$$$$:   98-block  3
call   10 never executed
    #####:   99:            f << object.toStringDelimiter(' ') << '\n';
    %%%%%:   99-block  0
call    0 never executed
branch  1 never executed
branch  2 never executed
    %%%%%:   99-block  1
call    3 never executed
branch  4 never executed
branch  5 never executed
    %%%%%:   99-block  2
call    6 never executed
branch  7 never executed
branch  8 never executed
    %%%%%:   99-block  3
call    9 never executed
call   10 never executed
    $$$$$:   99-block  4
call   11 never executed
    $$$$$:   99-block  5
        -:  100:        }
    #####:  101:    }
    %%%%%:  101-block  0
call    0 never executed
    $$$$$:  101-block  1
call    1 never executed
        -:  102:
        -:  103:
        -:  104:    /**
        -:  105:     * Loads the elements from file into "elements" vector
        -:  106:     */
function _ZN16RepositoryInFileI7ProductE12loadFromFileEv called 0 returned 0% blocks executed 0%
    #####:  107:    void loadFromFile()
        -:  108:    {
    #####:  109:        std::string line;
    %%%%%:  109-block  0
call    0 never executed
    #####:  110:        std::ifstream f(this->fileName);
call    0 never executed
branch  1 never executed
branch  2 never executed
    #####:  111:        while (std::getline(f, line)) {
    %%%%%:  111-block  0
    %%%%%:  111-block  1
call    0 never executed
    %%%%%:  111-block  2
call    1 never executed
branch  2 never executed
branch  3 never executed
    %%%%%:  111-block  3
call    4 never executed
branch  5 never executed
branch  6 never executed
    %%%%%:  111-block  4
branch  7 never executed
branch  8 never executed
    $$$$$:  111-block  5
call    9 never executed
    #####:  112:            T object(line, ' ');
    %%%%%:  112-block  0
call    0 never executed
branch  1 never executed
branch  2 never executed
    %%%%%:  112-block  1
call    3 never executed
branch  4 never executed
branch  5 never executed
    $$$$$:  112-block  2
    #####:  113:            this->elements.push_back(object);
call    0 never executed
branch  1 never executed
branch  2 never executed
        -:  114:        }
    #####:  115:    }
    %%%%%:  115-block  0
call    0 never executed
call    1 never executed
    $$$$$:  115-block  1
call    2 never executed
    $$$$$:  115-block  2
call    3 never executed
        -:  116:};
        -:  117:
        -:  118:
        -:  119:#endif //LAB_910_TUDORSUIU_REPOSITORYINFILE_H
